[2020-05-26 17:24:46,269] [basehttp.py:124] [basehttp:log_message] [INFO]- "GET / HTTP/1.1" 200 11505
[2020-05-26 17:24:46,363] [basehttp.py:124] [basehttp:log_message] [INFO]- "GET /static/css/bootstrap/bootstrap.min.css HTTP/1.1" 304 0
[2020-05-26 17:24:46,394] [basehttp.py:124] [basehttp:log_message] [INFO]- "GET /static/css/bootstrap/font-awesome.min.css HTTP/1.1" 304 0
[2020-05-26 17:24:46,396] [basehttp.py:124] [basehttp:log_message] [INFO]- "GET /static/css/bootstrap/bootstrap-editable.css HTTP/1.1" 304 0
[2020-05-26 17:24:46,397] [basehttp.py:124] [basehttp:log_message] [INFO]- "GET /static/js/bootstrap/bootstrap-table-export.min.js HTTP/1.1" 304 0
[2020-05-26 17:24:46,397] [basehttp.py:124] [basehttp:log_message] [INFO]- "GET /static/js/jQuery/tableExport.min.js HTTP/1.1" 304 0
[2020-05-26 17:24:46,398] [basehttp.py:124] [basehttp:log_message] [INFO]- "GET /static/js/bootstrap/bootstrap-editable.min.js HTTP/1.1" 304 0
[2020-05-26 17:36:02,959] [basehttp.py:124] [basehttp:log_message] [INFO]- "GET /IPwinUpload/IPwin/ HTTP/1.1" 200 42037
[2020-05-26 17:36:08,437] [basehttp.py:124] [basehttp:log_message] [INFO]- "GET /CMNETwinUpload/CMNETwin/ HTTP/1.1" 200 72816
[2020-05-26 17:36:09,520] [basehttp.py:124] [basehttp:log_message] [INFO]- "GET /CMNETwinUpload/show_progress1/ HTTP/1.1" 200 17315
[2020-05-26 17:36:09,552] [basehttp.py:124] [basehttp:log_message] [INFO]- "GET /static/fonts/glyphicons-halflings-regular.woff2 HTTP/1.1" 200 18028
[2020-05-26 17:36:09,577] [basehttp.py:124] [basehttp:log_message] [INFO]- "GET /CMNETwinUpload/show_node/ HTTP/1.1" 200 222442
[2020-05-26 17:36:09,643] [basehttp.py:124] [basehttp:log_message] [INFO]- "GET /static/fonts/fontawesome-webfont.woff2?v=4.7.0 HTTP/1.1" 200 77160
[2020-05-26 17:36:14,407] [basehttp.py:124] [basehttp:log_message] [INFO]- "GET /CMNETwinUpload/show_progress2/ HTTP/1.1" 200 5190
[2020-05-26 17:36:14,535] [basehttp.py:124] [basehttp:log_message] [INFO]- "GET /CMNETwinUpload/show_metric/ HTTP/1.1" 200 83849
[2020-05-26 17:36:16,210] [basehttp.py:124] [basehttp:log_message] [INFO]- "GET /CMNETwinUpload/show_progress1/ HTTP/1.1" 200 17315
[2020-05-26 17:36:16,275] [basehttp.py:124] [basehttp:log_message] [INFO]- "GET /CMNETwinUpload/show_node/ HTTP/1.1" 200 222442
[2020-05-26 17:38:47,887] [basehttp.py:124] [basehttp:log_message] [INFO]- "GET /IPwinUpload/IPwin/ HTTP/1.1" 200 42037
[2020-05-26 17:38:50,049] [basehttp.py:124] [basehttp:log_message] [INFO]- "GET /CMNETwinUpload/CMNETwin/ HTTP/1.1" 200 72816
[2020-05-26 17:45:48,639] [basehttp.py:124] [basehttp:log_message] [INFO]- "GET /CMNETwinUpload/CMNETwin_2/ HTTP/1.1" 200 4522
[2020-05-26 17:45:57,334] [basehttp.py:124] [basehttp:log_message] [INFO]- "POST /CMNETwinUpload/relay_compare/ HTTP/1.1" 200 63
[2020-05-26 18:01:57,944] [basehttp.py:124] [basehttp:log_message] [INFO]- "GET / HTTP/1.1" 200 11505
[2020-05-26 18:02:33,424] [basehttp.py:124] [basehttp:log_message] [INFO]- "GET /CMNETwinUpload/CMNETwin_2/ HTTP/1.1" 200 4522
[2020-05-26 18:02:38,761] [basehttp.py:124] [basehttp:log_message] [INFO]- "POST /CMNETwinUpload/relay_compare/ HTTP/1.1" 200 172
[2020-05-26 18:02:47,691] [basehttp.py:124] [basehttp:log_message] [INFO]- "POST /CMNETwinUpload/relay_compare/ HTTP/1.1" 200 63
[2020-05-26 18:04:05,849] [basehttp.py:124] [basehttp:log_message] [INFO]- "GET / HTTP/1.1" 200 11505
[2020-05-26 18:04:06,066] [basehttp.py:124] [basehttp:log_message] [INFO]- "GET /static/images/favicon.ico HTTP/1.1" 200 4286
[2020-05-26 18:04:08,490] [basehttp.py:124] [basehttp:log_message] [INFO]- "GET /CMNETwinUpload/CMNETwin_2/ HTTP/1.1" 200 4522
[2020-05-26 18:04:13,901] [basehttp.py:124] [basehttp:log_message] [INFO]- "POST /CMNETwinUpload/relay_compare/ HTTP/1.1" 200 172
[2020-05-26 18:04:23,555] [basehttp.py:124] [basehttp:log_message] [INFO]- "POST /CMNETwinUpload/relay_compare/ HTTP/1.1" 200 63
