[2020-06-11 09:45:36,725] [basehttp.py:124] [basehttp:log_message] [INFO]- "GET / HTTP/1.1" 200 3216
[2020-06-11 09:45:36,842] [basehttp.py:124] [basehttp:log_message] [INFO]- "GET /static/css/bootstrap/bootstrap.min.css HTTP/1.1" 200 121218
[2020-06-11 09:45:36,848] [basehttp.py:124] [basehttp:log_message] [INFO]- "GET /static/css/font-change.css HTTP/1.1" 200 1389
[2020-06-11 09:45:36,857] [basehttp.py:124] [basehttp:log_message] [INFO]- "GET /static/css/jquery/jquery.datatables.min.css HTTP/1.1" 200 13806
[2020-06-11 09:45:36,858] [basehttp.py:124] [basehttp:log_message] [INFO]- "GET /static/css/bootstrap/bootstrap-table.min.css HTTP/1.1" 200 8803
[2020-06-11 09:45:36,860] [basehttp.py:124] [basehttp:log_message] [INFO]- "GET /static/css/bootstrap/bootstrap-table-fixed-columns.css HTTP/1.1" 200 635
[2020-06-11 09:45:36,860] [basehttp.py:124] [basehttp:log_message] [INFO]- "GET /static/css/bootstrap/font-awesome.min.css HTTP/1.1" 200 32437
[2020-06-11 09:45:36,862] [basehttp.py:124] [basehttp:log_message] [INFO]- "GET /static/css/bootstrap/bootstrap-editable.css HTTP/1.1" 200 21619
[2020-06-11 09:45:36,866] [basehttp.py:124] [basehttp:log_message] [INFO]- "GET /static/js/jQuery/jquery.min.js HTTP/1.1" 200 96383
[2020-06-11 09:45:36,883] [basehttp.py:124] [basehttp:log_message] [INFO]- "GET /static/js/jQuery/jquery.datatables.min.js HTTP/1.1" 200 82068
[2020-06-11 09:45:36,884] [basehttp.py:124] [basehttp:log_message] [INFO]- "GET /static/js/bootstrap/bootstrap.min.js HTTP/1.1" 200 28392
[2020-06-11 09:45:36,892] [basehttp.py:124] [basehttp:log_message] [INFO]- "GET /static/js/bootstrap/bootstrap-table-fixed-columns.js HTTP/1.1" 200 6049
[2020-06-11 09:45:36,892] [basehttp.py:124] [basehttp:log_message] [INFO]- "GET /static/js/bootstrap/bootstrap-table-zh-CN.min.js HTTP/1.1" 200 9447
[2020-06-11 09:45:36,896] [basehttp.py:124] [basehttp:log_message] [INFO]- "GET /static/js/bootstrap/bootstrap-table.min.js HTTP/1.1" 200 114691
[2020-06-11 09:45:36,896] [basehttp.py:124] [basehttp:log_message] [INFO]- "GET /static/js/bootstrap/bootstrap-table-export.min.js HTTP/1.1" 200 32704
[2020-06-11 09:45:36,905] [basehttp.py:124] [basehttp:log_message] [INFO]- "GET /static/js/jQuery/tableExport.min.js HTTP/1.1" 200 37336
[2020-06-11 09:45:36,906] [basehttp.py:124] [basehttp:log_message] [INFO]- "GET /static/js/bootstrap/bootstrap-editable.min.js HTTP/1.1" 200 74174
[2020-06-11 09:45:38,147] [basehttp.py:124] [basehttp:log_message] [INFO]- "GET /relay/ HTTP/1.1" 200 13692
[2020-06-11 09:45:38,394] [basehttp.py:124] [basehttp:log_message] [INFO]- "GET /static/fonts/glyphicons-halflings-regular.woff2 HTTP/1.1" 200 18028
[2020-06-11 09:45:40,267] [basehttp.py:124] [basehttp:log_message] [INFO]- "GET /IPwinUpload/IPwin/ HTTP/1.1" 200 46190
[2020-06-11 09:45:51,970] [basehttp.py:124] [basehttp:log_message] [INFO]- "GET /CMNETwinUpload/CMNETwin/ HTTP/1.1" 200 80471
[2020-06-11 09:45:54,442] [basehttp.py:124] [basehttp:log_message] [INFO]- "GET /CMNETwinUpload/show_progress1/ HTTP/1.1" 200 6612
[2020-06-11 09:45:54,458] [basehttp.py:124] [basehttp:log_message] [INFO]- "GET /static/js/bootstrap/bootstrap.min.js?_=1591839938215 HTTP/1.1" 200 28392
[2020-06-11 09:45:54,459] [basehttp.py:124] [basehttp:log_message] [INFO]- "GET /static/js/jQuery/jquery.min.js?_=1591839938214 HTTP/1.1" 200 96383
[2020-06-11 09:45:56,482] [basehttp.py:124] [basehttp:log_message] [INFO]- "GET /IPwinUpload/IPwin_2/ HTTP/1.1" 200 3719
[2020-06-11 09:45:56,493] [basehttp.py:124] [basehttp:log_message] [INFO]- "GET /IPwinUpload/IPwin_2/ HTTP/1.1" 200 3719
[2020-06-11 09:45:58,074] [basehttp.py:124] [basehttp:log_message] [INFO]- "GET /CMNETwinUpload/CMNETwin_2/ HTTP/1.1" 200 14524
[2020-06-11 09:45:58,081] [basehttp.py:124] [basehttp:log_message] [INFO]- "GET /CMNETwinUpload/CMNETwin_2/ HTTP/1.1" 200 14524
[2020-06-11 09:54:33,687] [basehttp.py:124] [basehttp:log_message] [INFO]- "GET /static/css/bootstrap/bootstrap.min.css.map HTTP/1.1" 200 542194
[2020-06-11 09:54:56,760] [basehttp.py:124] [basehttp:log_message] [INFO]- "GET /relay/ HTTP/1.1" 200 13766
[2020-06-11 09:54:57,025] [basehttp.py:124] [basehttp:log_message] [INFO]- "GET /static/images/favicon.ico HTTP/1.1" 200 4286
[2020-06-11 09:55:07,519] [basehttp.py:124] [basehttp:log_message] [INFO]- "GET /IPwinUpload/IPwin/ HTTP/1.1" 200 46190
[2020-06-11 11:21:34,495] [basehttp.py:124] [basehttp:log_message] [INFO]- "GET /CMNETwinUpload/CMNETwin/ HTTP/1.1" 200 80471
[2020-06-11 11:21:35,583] [basehttp.py:124] [basehttp:log_message] [INFO]- "GET /IPwinUpload/IPwin/ HTTP/1.1" 200 46190
[2020-06-11 11:21:37,180] [basehttp.py:124] [basehttp:log_message] [INFO]- "GET /CMNETwinUpload/CMNETwin/ HTTP/1.1" 200 80471
[2020-06-11 12:06:44,025] [exception.py:135] [exception:handle_uncaught_exception] [ERROR]- Internal Server Error: /
Traceback (most recent call last):
  File "D:\job\Relay_forecasting_Tool\venv\lib\site-packages\django\core\handlers\exception.py", line 41, in inner
    response = get_response(request)
  File "D:\job\Relay_forecasting_Tool\venv\lib\site-packages\django\core\handlers\base.py", line 187, in _get_response
    response = self.process_exception_by_middleware(e, request)
  File "D:\job\Relay_forecasting_Tool\venv\lib\site-packages\django\core\handlers\base.py", line 185, in _get_response
    response = wrapped_callback(request, *callback_args, **callback_kwargs)
  File "D:\job\Relay_forecasting_Tool\venv\lib\site-packages\django\contrib\auth\decorators.py", line 23, in _wrapped_view
    return view_func(request, *args, **kwargs)
  File "D:\job\Relay_forecasting_Tool\apps\user\views.py", line 9, in index
    return render(request, 'new2.html')
  File "D:\job\Relay_forecasting_Tool\venv\lib\site-packages\django\shortcuts.py", line 30, in render
    content = loader.render_to_string(template_name, context, request, using=using)
  File "D:\job\Relay_forecasting_Tool\venv\lib\site-packages\django\template\loader.py", line 68, in render_to_string
    return template.render(context, request)
  File "D:\job\Relay_forecasting_Tool\venv\lib\site-packages\django\template\backends\django.py", line 66, in render
    return self.template.render(context)
  File "D:\job\Relay_forecasting_Tool\venv\lib\site-packages\django\template\base.py", line 207, in render
    return self._render(context)
  File "D:\job\Relay_forecasting_Tool\venv\lib\site-packages\django\template\base.py", line 199, in _render
    return self.nodelist.render(context)
  File "D:\job\Relay_forecasting_Tool\venv\lib\site-packages\django\template\base.py", line 990, in render
    bit = node.render_annotated(context)
  File "D:\job\Relay_forecasting_Tool\venv\lib\site-packages\django\template\base.py", line 957, in render_annotated
    return self.render(context)
  File "D:\job\Relay_forecasting_Tool\venv\lib\site-packages\django\template\defaulttags.py", line 458, in render
    url = reverse(view_name, args=args, kwargs=kwargs, current_app=current_app)
  File "D:\job\Relay_forecasting_Tool\venv\lib\site-packages\django\urls\base.py", line 91, in reverse
    return force_text(iri_to_uri(resolver._reverse_with_prefix(view, prefix, *args, **kwargs)))
  File "D:\job\Relay_forecasting_Tool\venv\lib\site-packages\django\urls\resolvers.py", line 497, in _reverse_with_prefix
    raise NoReverseMatch(msg)
django.urls.exceptions.NoReverseMatch: Reverse for 'downloadTest' not found. 'downloadTest' is not a valid view function or pattern name.
[2020-06-11 12:06:44,096] [basehttp.py:124] [basehttp:log_message] [ERROR]- "GET / HTTP/1.1" 500 142534
[2020-06-11 12:06:44,467] [base.py:152] [base:get_response] [WARNING]- Not Found: /favicon.ico
[2020-06-11 12:06:44,467] [basehttp.py:124] [basehttp:log_message] [WARNING]- "GET /favicon.ico HTTP/1.1" 404 2665
[2020-06-11 12:12:06,798] [basehttp.py:124] [basehttp:log_message] [INFO]- "GET / HTTP/1.1" 200 5963
[2020-06-11 12:12:06,898] [basehttp.py:124] [basehttp:log_message] [INFO]- "GET /static/css/htmleaf-demo.css HTTP/1.1" 200 6947
[2020-06-11 12:12:06,917] [basehttp.py:124] [basehttp:log_message] [INFO]- "GET /static/css/nav.css HTTP/1.1" 200 2545
[2020-06-11 12:12:06,917] [basehttp.py:124] [basehttp:log_message] [INFO]- "GET /static/fonts/iconfont.css HTTP/1.1" 200 14027
[2020-06-11 12:12:06,918] [basehttp.py:124] [basehttp:log_message] [INFO]- "GET /static/images/mini.png HTTP/1.1" 200 141
[2020-06-11 12:12:06,944] [base.py:152] [base:get_response] [WARNING]- Not Found: /js/nav.js
[2020-06-11 12:12:06,945] [basehttp.py:124] [basehttp:log_message] [WARNING]- "GET /js/nav.js HTTP/1.1" 404 2659
[2020-06-11 12:12:07,164] [base.py:152] [base:get_response] [WARNING]- Not Found: /js/nav.js
[2020-06-11 12:12:07,165] [basehttp.py:124] [basehttp:log_message] [WARNING]- "GET /js/nav.js HTTP/1.1" 404 2659
[2020-06-11 12:13:00,298] [basehttp.py:124] [basehttp:log_message] [INFO]- "GET / HTTP/1.1" 200 5971
[2020-06-11 12:13:00,350] [basehttp.py:124] [basehttp:log_message] [INFO]- "GET /static/js/nav.js HTTP/1.1" 200 1128
[2020-06-11 12:13:02,081] [basehttp.py:124] [basehttp:log_message] [INFO]- "GET /CMNETwinUpload/CMNETwin/ HTTP/1.1" 200 80471
[2020-06-11 12:13:36,541] [basehttp.py:124] [basehttp:log_message] [INFO]- "GET / HTTP/1.1" 200 5971
[2020-06-11 12:13:36,588] [basehttp.py:124] [basehttp:log_message] [INFO]- "GET /static/css/htmleaf-demo.css HTTP/1.1" 304 0
[2020-06-11 12:13:40,757] [basehttp.py:124] [basehttp:log_message] [INFO]- "GET /CMNETwinUpload/CMNETwin/ HTTP/1.1" 200 80471
[2020-06-11 12:14:13,673] [basehttp.py:124] [basehttp:log_message] [INFO]- "GET /static/css/nav.css HTTP/1.1" 304 0
[2020-06-11 12:16:10,286] [basehttp.py:124] [basehttp:log_message] [INFO]- "GET / HTTP/1.1" 200 5971
[2020-06-11 12:16:10,341] [basehttp.py:124] [basehttp:log_message] [INFO]- "GET /static/css/htmleaf-demo.css HTTP/1.1" 200 6937
[2020-06-11 12:16:10,348] [basehttp.py:124] [basehttp:log_message] [INFO]- "GET /static/css/nav.css HTTP/1.1" 304 0
[2020-06-11 12:16:10,349] [basehttp.py:124] [basehttp:log_message] [INFO]- "GET /static/js/nav.js HTTP/1.1" 304 0
[2020-06-11 12:16:12,764] [basehttp.py:124] [basehttp:log_message] [INFO]- "GET /CMNETwinUpload/CMNETwin/ HTTP/1.1" 200 80471
[2020-06-11 12:18:31,040] [basehttp.py:124] [basehttp:log_message] [INFO]- "GET / HTTP/1.1" 200 5971
[2020-06-11 12:18:31,098] [basehttp.py:124] [basehttp:log_message] [INFO]- "GET /static/css/htmleaf-demo.css HTTP/1.1" 200 6937
[2020-06-11 12:18:31,107] [basehttp.py:124] [basehttp:log_message] [INFO]- "GET /static/js/nav.js HTTP/1.1" 304 0
[2020-06-11 12:18:31,107] [basehttp.py:124] [basehttp:log_message] [INFO]- "GET /static/css/nav.css HTTP/1.1" 304 0
[2020-06-11 12:18:46,436] [basehttp.py:124] [basehttp:log_message] [INFO]- "GET / HTTP/1.1" 200 5971
[2020-06-11 12:18:46,487] [basehttp.py:124] [basehttp:log_message] [INFO]- "GET /static/css/htmleaf-demo.css HTTP/1.1" 200 6892
[2020-06-11 12:18:50,074] [basehttp.py:124] [basehttp:log_message] [INFO]- "GET /CMNETwinUpload/CMNETwin/ HTTP/1.1" 200 80471
[2020-06-11 12:19:27,354] [basehttp.py:124] [basehttp:log_message] [INFO]- "GET / HTTP/1.1" 200 5971
[2020-06-11 12:19:27,401] [basehttp.py:124] [basehttp:log_message] [INFO]- "GET /static/css/htmleaf-demo.css HTTP/1.1" 200 6886
[2020-06-11 12:19:29,685] [basehttp.py:124] [basehttp:log_message] [INFO]- "GET /CMNETwinUpload/CMNETwin/ HTTP/1.1" 200 80471
[2020-06-11 12:20:09,446] [basehttp.py:124] [basehttp:log_message] [INFO]- "GET / HTTP/1.1" 200 5971
[2020-06-11 12:20:09,496] [basehttp.py:124] [basehttp:log_message] [INFO]- "GET /static/css/htmleaf-demo.css HTTP/1.1" 200 6886
[2020-06-11 12:20:11,816] [basehttp.py:124] [basehttp:log_message] [INFO]- "GET /CMNETwinUpload/CMNETwin/ HTTP/1.1" 200 80471
[2020-06-11 12:20:41,857] [basehttp.py:124] [basehttp:log_message] [INFO]- "GET / HTTP/1.1" 200 5971
[2020-06-11 12:20:41,904] [basehttp.py:124] [basehttp:log_message] [INFO]- "GET /static/css/htmleaf-demo.css HTTP/1.1" 200 6882
[2020-06-11 12:20:41,913] [basehttp.py:124] [basehttp:log_message] [INFO]- "GET /static/css/nav.css HTTP/1.1" 304 0
[2020-06-11 12:20:41,913] [basehttp.py:124] [basehttp:log_message] [INFO]- "GET /static/js/nav.js HTTP/1.1" 304 0
[2020-06-11 12:20:43,953] [basehttp.py:124] [basehttp:log_message] [INFO]- "GET /CMNETwinUpload/CMNETwin/ HTTP/1.1" 200 80471
[2020-06-11 12:27:46,830] [basehttp.py:124] [basehttp:log_message] [INFO]- "GET / HTTP/1.1" 200 3216
[2020-06-11 12:27:48,315] [basehttp.py:124] [basehttp:log_message] [INFO]- "GET /relay/ HTTP/1.1" 200 12011
[2020-06-11 12:27:59,674] [basehttp.py:124] [basehttp:log_message] [INFO]- "GET /CMNETwinUpload/CMNETwin/ HTTP/1.1" 200 80471
[2020-06-11 12:31:18,943] [basehttp.py:124] [basehttp:log_message] [INFO]- "GET /relay/ HTTP/1.1" 200 12140
[2020-06-11 12:31:19,105] [basehttp.py:124] [basehttp:log_message] [INFO]- "GET /static/images/favicon.ico HTTP/1.1" 200 4286
[2020-06-11 12:33:35,145] [basehttp.py:124] [basehttp:log_message] [INFO]- "GET /relay/ HTTP/1.1" 200 10990
[2020-06-11 12:33:35,194] [basehttp.py:124] [basehttp:log_message] [INFO]- "GET /static/js/nav.js HTTP/1.1" 304 0
[2020-06-11 12:33:35,300] [basehttp.py:124] [basehttp:log_message] [INFO]- "GET /static/images/favicon.ico HTTP/1.1" 200 4286
[2020-06-11 12:35:12,425] [basehttp.py:124] [basehttp:log_message] [INFO]- "GET /relay/ HTTP/1.1" 200 11052
[2020-06-11 12:35:12,547] [basehttp.py:124] [basehttp:log_message] [INFO]- "GET /static/images/favicon.ico HTTP/1.1" 200 4286
[2020-06-11 12:35:38,076] [basehttp.py:124] [basehttp:log_message] [INFO]- "GET /relay/ HTTP/1.1" 200 11053
[2020-06-11 12:35:38,188] [basehttp.py:124] [basehttp:log_message] [INFO]- "GET /static/images/favicon.ico HTTP/1.1" 200 4286
[2020-06-11 12:36:02,688] [basehttp.py:124] [basehttp:log_message] [INFO]- "GET /relay/ HTTP/1.1" 200 11058
[2020-06-11 12:36:02,816] [basehttp.py:124] [basehttp:log_message] [INFO]- "GET /static/images/favicon.ico HTTP/1.1" 200 4286
[2020-06-11 12:36:04,058] [basehttp.py:124] [basehttp:log_message] [INFO]- "GET /relay/ HTTP/1.1" 200 11058
[2020-06-11 12:36:04,152] [basehttp.py:124] [basehttp:log_message] [INFO]- "GET /static/images/favicon.ico HTTP/1.1" 200 4286
[2020-06-11 12:36:16,826] [basehttp.py:124] [basehttp:log_message] [INFO]- "GET /relay/ HTTP/1.1" 200 11060
[2020-06-11 12:36:16,928] [basehttp.py:124] [basehttp:log_message] [INFO]- "GET /static/images/favicon.ico HTTP/1.1" 200 4286
[2020-06-11 12:36:30,995] [basehttp.py:124] [basehttp:log_message] [INFO]- "GET /relay/ HTTP/1.1" 200 11060
[2020-06-11 12:36:31,090] [basehttp.py:124] [basehttp:log_message] [INFO]- "GET /static/images/favicon.ico HTTP/1.1" 200 4286
[2020-06-11 12:36:33,139] [basehttp.py:124] [basehttp:log_message] [INFO]- "GET /CMNETwinUpload/CMNETwin/ HTTP/1.1" 200 80471
[2020-06-11 12:38:10,253] [basehttp.py:124] [basehttp:log_message] [INFO]- "GET /relay/ HTTP/1.1" 200 11229
[2020-06-11 12:38:10,312] [basehttp.py:124] [basehttp:log_message] [INFO]- "GET /static/js/nav.js HTTP/1.1" 304 0
[2020-06-11 12:38:10,365] [basehttp.py:124] [basehttp:log_message] [INFO]- "GET /static/images/favicon.ico HTTP/1.1" 200 4286
[2020-06-11 12:39:32,220] [basehttp.py:124] [basehttp:log_message] [INFO]- "GET /relay/ HTTP/1.1" 200 11444
[2020-06-11 12:39:32,387] [basehttp.py:124] [basehttp:log_message] [INFO]- "GET /static/images/favicon.ico HTTP/1.1" 200 4286
[2020-06-11 12:40:41,933] [basehttp.py:124] [basehttp:log_message] [INFO]- "GET /relay/ HTTP/1.1" 200 10916
[2020-06-11 12:40:42,099] [basehttp.py:124] [basehttp:log_message] [INFO]- "GET /static/images/favicon.ico HTTP/1.1" 200 4286
[2020-06-11 12:40:42,921] [basehttp.py:124] [basehttp:log_message] [INFO]- "GET /relay/ HTTP/1.1" 200 10916
[2020-06-11 12:40:43,097] [basehttp.py:124] [basehttp:log_message] [INFO]- "GET /static/images/favicon.ico HTTP/1.1" 200 4286
[2020-06-11 12:40:59,903] [basehttp.py:124] [basehttp:log_message] [INFO]- "GET /relay/ HTTP/1.1" 200 11055
[2020-06-11 12:41:00,083] [basehttp.py:124] [basehttp:log_message] [INFO]- "GET /static/images/favicon.ico HTTP/1.1" 200 4286
[2020-06-11 12:41:01,636] [basehttp.py:124] [basehttp:log_message] [INFO]- "GET /CMNETwinUpload/CMNETwin/ HTTP/1.1" 200 80471
[2020-06-11 12:41:09,563] [basehttp.py:124] [basehttp:log_message] [INFO]- "GET /relay/ HTTP/1.1" 200 11055
[2020-06-11 12:41:09,716] [basehttp.py:124] [basehttp:log_message] [INFO]- "GET /static/images/favicon.ico HTTP/1.1" 200 4286
[2020-06-11 12:41:11,061] [basehttp.py:124] [basehttp:log_message] [INFO]- "GET /CMNETwinUpload/CMNETwin/ HTTP/1.1" 200 80471
[2020-06-11 12:42:13,510] [basehttp.py:124] [basehttp:log_message] [INFO]- "GET /relay/ HTTP/1.1" 200 11239
[2020-06-11 12:42:13,679] [basehttp.py:124] [basehttp:log_message] [INFO]- "GET /static/images/favicon.ico HTTP/1.1" 200 4286
[2020-06-11 12:43:10,311] [basehttp.py:124] [basehttp:log_message] [INFO]- "GET /relay/ HTTP/1.1" 200 11379
[2020-06-11 12:43:10,367] [basehttp.py:124] [basehttp:log_message] [INFO]- "GET /static/js/nav.js HTTP/1.1" 304 0
[2020-06-11 12:43:10,481] [basehttp.py:124] [basehttp:log_message] [INFO]- "GET /static/images/favicon.ico HTTP/1.1" 200 4286
[2020-06-11 12:43:11,145] [basehttp.py:124] [basehttp:log_message] [INFO]- "GET /relay/ HTTP/1.1" 200 11379
[2020-06-11 12:43:11,318] [basehttp.py:124] [basehttp:log_message] [INFO]- "GET /static/images/favicon.ico HTTP/1.1" 200 4286
[2020-06-11 12:43:15,256] [basehttp.py:124] [basehttp:log_message] [INFO]- "GET /CMNETwinUpload/CMNETwin/ HTTP/1.1" 200 80471
[2020-06-11 12:43:37,368] [basehttp.py:124] [basehttp:log_message] [INFO]- "GET /relay/ HTTP/1.1" 200 11678
[2020-06-11 12:43:37,539] [basehttp.py:124] [basehttp:log_message] [INFO]- "GET /static/images/favicon.ico HTTP/1.1" 200 4286
[2020-06-11 12:43:59,984] [basehttp.py:124] [basehttp:log_message] [INFO]- "GET /relay/ HTTP/1.1" 200 11678
[2020-06-11 12:44:00,150] [basehttp.py:124] [basehttp:log_message] [INFO]- "GET /static/images/favicon.ico HTTP/1.1" 200 4286
[2020-06-11 12:44:00,966] [basehttp.py:124] [basehttp:log_message] [INFO]- "GET /relay/ HTTP/1.1" 200 11678
[2020-06-11 12:44:01,114] [basehttp.py:124] [basehttp:log_message] [INFO]- "GET /static/images/favicon.ico HTTP/1.1" 200 4286
[2020-06-11 12:44:01,974] [basehttp.py:124] [basehttp:log_message] [INFO]- "GET /relay/ HTTP/1.1" 200 11678
[2020-06-11 12:44:02,130] [basehttp.py:124] [basehttp:log_message] [INFO]- "GET /static/images/favicon.ico HTTP/1.1" 200 4286
[2020-06-11 12:44:02,851] [basehttp.py:124] [basehttp:log_message] [INFO]- "GET /relay/ HTTP/1.1" 200 11678
[2020-06-11 12:44:03,025] [basehttp.py:124] [basehttp:log_message] [INFO]- "GET /static/images/favicon.ico HTTP/1.1" 200 4286
[2020-06-11 12:44:30,576] [basehttp.py:124] [basehttp:log_message] [INFO]- "GET /relay/ HTTP/1.1" 200 11677
[2020-06-11 12:44:30,759] [basehttp.py:124] [basehttp:log_message] [INFO]- "GET /static/images/favicon.ico HTTP/1.1" 200 4286
[2020-06-11 12:44:31,496] [basehttp.py:124] [basehttp:log_message] [INFO]- "GET /relay/ HTTP/1.1" 200 11677
[2020-06-11 12:44:31,680] [basehttp.py:124] [basehttp:log_message] [INFO]- "GET /static/images/favicon.ico HTTP/1.1" 200 4286
[2020-06-11 12:45:27,264] [basehttp.py:124] [basehttp:log_message] [INFO]- "GET /relay/ HTTP/1.1" 200 11704
[2020-06-11 12:45:27,442] [basehttp.py:124] [basehttp:log_message] [INFO]- "GET /static/images/favicon.ico HTTP/1.1" 200 4286
[2020-06-11 12:46:00,837] [basehttp.py:124] [basehttp:log_message] [INFO]- "GET /relay/ HTTP/1.1" 200 12021
[2020-06-11 12:46:01,024] [basehttp.py:124] [basehttp:log_message] [INFO]- "GET /static/images/favicon.ico HTTP/1.1" 200 4286
[2020-06-11 12:46:22,293] [basehttp.py:124] [basehttp:log_message] [INFO]- "GET /relay/ HTTP/1.1" 200 12087
[2020-06-11 12:46:22,469] [basehttp.py:124] [basehttp:log_message] [INFO]- "GET /static/images/favicon.ico HTTP/1.1" 200 4286
[2020-06-11 12:46:24,080] [basehttp.py:124] [basehttp:log_message] [INFO]- "GET /CMNETwinUpload/CMNETwin/ HTTP/1.1" 200 80471
[2020-06-11 12:46:29,062] [basehttp.py:124] [basehttp:log_message] [INFO]- "GET /CMNETwinUpload/CMNETwin/ HTTP/1.1" 200 80471
[2020-06-11 12:46:52,410] [basehttp.py:124] [basehttp:log_message] [INFO]- "GET /relay/ HTTP/1.1" 200 12466
[2020-06-11 12:46:52,581] [basehttp.py:124] [basehttp:log_message] [INFO]- "GET /static/images/favicon.ico HTTP/1.1" 200 4286
[2020-06-11 12:46:54,423] [basehttp.py:124] [basehttp:log_message] [INFO]- "GET /CMNETwinUpload/CMNETwin/ HTTP/1.1" 200 80471
[2020-06-11 12:47:12,649] [basehttp.py:124] [basehttp:log_message] [INFO]- "GET /relay/ HTTP/1.1" 200 13537
[2020-06-11 12:47:12,823] [basehttp.py:124] [basehttp:log_message] [INFO]- "GET /static/images/favicon.ico HTTP/1.1" 200 4286
[2020-06-11 12:47:14,329] [basehttp.py:124] [basehttp:log_message] [INFO]- "GET /CMNETwinUpload/CMNETwin/ HTTP/1.1" 200 80471
[2020-06-11 12:47:15,160] [basehttp.py:124] [basehttp:log_message] [INFO]- "GET /CMNETwinUpload/CMNETwin/ HTTP/1.1" 200 80471
[2020-06-11 12:47:25,750] [basehttp.py:124] [basehttp:log_message] [INFO]- "GET /CMNETwinUpload/CMNETwin/ HTTP/1.1" 200 80471
[2020-06-11 12:54:15,237] [basehttp.py:124] [basehttp:log_message] [INFO]- "GET /relay/ HTTP/1.1" 200 13974
[2020-06-11 12:54:15,284] [basehttp.py:124] [basehttp:log_message] [INFO]- "GET /static/js/nav.js HTTP/1.1" 304 0
[2020-06-11 12:54:15,363] [basehttp.py:124] [basehttp:log_message] [INFO]- "GET /static/images/favicon.ico HTTP/1.1" 200 4286
[2020-06-11 12:54:17,165] [basehttp.py:124] [basehttp:log_message] [INFO]- "GET /IPwinUpload/IPwin/ HTTP/1.1" 200 46190
[2020-06-11 12:54:30,795] [basehttp.py:124] [basehttp:log_message] [INFO]- "GET /IPwinUpload/IPwin_2/ HTTP/1.1" 200 3719
[2020-06-11 12:54:31,923] [basehttp.py:124] [basehttp:log_message] [INFO]- "GET /CMNETwinUpload/CMNETwin_2/ HTTP/1.1" 200 14524
[2020-06-11 12:54:32,321] [basehttp.py:124] [basehttp:log_message] [INFO]- "GET /CMNETwinUpload/show_trunkcircuit/ HTTP/1.1" 200 217541
[2020-06-11 12:54:32,373] [basehttp.py:124] [basehttp:log_message] [INFO]- "GET /static/fonts/fontawesome-webfont.woff2?v=4.7.0 HTTP/1.1" 200 77160
[2020-06-11 12:56:56,936] [basehttp.py:124] [basehttp:log_message] [INFO]- "GET /CMNETwinUpload/CMNETwin/ HTTP/1.1" 200 80471
[2020-06-11 13:02:07,022] [basehttp.py:124] [basehttp:log_message] [INFO]- "GET /relay/ HTTP/1.1" 200 13974
[2020-06-11 13:02:07,067] [basehttp.py:124] [basehttp:log_message] [INFO]- "GET /static/js/nav.js HTTP/1.1" 304 0
[2020-06-11 13:02:07,178] [basehttp.py:124] [basehttp:log_message] [INFO]- "GET /static/images/favicon.ico HTTP/1.1" 200 4286
[2020-06-11 13:02:09,144] [basehttp.py:124] [basehttp:log_message] [INFO]- "GET /IPwinUpload/IPwin/ HTTP/1.1" 200 46242
[2020-06-11 13:03:06,997] [basehttp.py:124] [basehttp:log_message] [INFO]- "GET /relay/ HTTP/1.1" 200 13974
[2020-06-11 13:03:07,127] [basehttp.py:124] [basehttp:log_message] [INFO]- "GET /static/images/favicon.ico HTTP/1.1" 200 4286
[2020-06-11 13:03:08,419] [basehttp.py:124] [basehttp:log_message] [INFO]- "GET /IPwinUpload/IPwin/ HTTP/1.1" 200 46222
[2020-06-11 13:03:51,398] [basehttp.py:124] [basehttp:log_message] [INFO]- "GET /relay/ HTTP/1.1" 200 13974
[2020-06-11 13:03:51,511] [basehttp.py:124] [basehttp:log_message] [INFO]- "GET /static/images/favicon.ico HTTP/1.1" 200 4286
[2020-06-11 13:03:51,596] [basehttp.py:124] [basehttp:log_message] [INFO]- "GET /relay/ HTTP/1.1" 200 13974
[2020-06-11 13:03:51,702] [basehttp.py:124] [basehttp:log_message] [INFO]- "GET /static/images/favicon.ico HTTP/1.1" 200 4286
[2020-06-11 13:03:53,560] [basehttp.py:124] [basehttp:log_message] [INFO]- "GET /IPwinUpload/IPwin/ HTTP/1.1" 200 46212
[2020-06-11 13:04:09,406] [basehttp.py:124] [basehttp:log_message] [INFO]- "GET /relay/ HTTP/1.1" 200 13974
[2020-06-11 13:04:09,517] [basehttp.py:124] [basehttp:log_message] [INFO]- "GET /static/images/favicon.ico HTTP/1.1" 200 4286
[2020-06-11 13:04:10,999] [basehttp.py:124] [basehttp:log_message] [INFO]- "GET /IPwinUpload/IPwin/ HTTP/1.1" 200 46222
[2020-06-11 13:07:27,215] [basehttp.py:124] [basehttp:log_message] [INFO]- "GET /relay/ HTTP/1.1" 200 13974
[2020-06-11 13:07:27,354] [basehttp.py:124] [basehttp:log_message] [INFO]- "GET /static/images/favicon.ico HTTP/1.1" 200 4286
[2020-06-11 13:07:28,620] [basehttp.py:124] [basehttp:log_message] [INFO]- "GET /IPwinUpload/IPwin/ HTTP/1.1" 200 46436
[2020-06-11 13:07:44,700] [basehttp.py:124] [basehttp:log_message] [INFO]- "GET /relay/ HTTP/1.1" 200 13974
[2020-06-11 13:07:44,807] [basehttp.py:124] [basehttp:log_message] [INFO]- "GET /static/images/favicon.ico HTTP/1.1" 200 4286
[2020-06-11 13:07:47,293] [basehttp.py:124] [basehttp:log_message] [INFO]- "GET /IPwinUpload/IPwin/ HTTP/1.1" 200 46421
[2020-06-11 13:08:09,259] [basehttp.py:124] [basehttp:log_message] [INFO]- "GET /relay/ HTTP/1.1" 200 13974
[2020-06-11 13:08:09,376] [basehttp.py:124] [basehttp:log_message] [INFO]- "GET /static/images/favicon.ico HTTP/1.1" 200 4286
[2020-06-11 13:08:10,976] [basehttp.py:124] [basehttp:log_message] [INFO]- "GET /IPwinUpload/IPwin/ HTTP/1.1" 200 46418
[2020-06-11 13:10:35,402] [basehttp.py:124] [basehttp:log_message] [INFO]- "GET /relay/ HTTP/1.1" 200 13974
[2020-06-11 13:10:35,457] [basehttp.py:124] [basehttp:log_message] [INFO]- "GET /static/js/nav.js HTTP/1.1" 304 0
[2020-06-11 13:10:35,522] [basehttp.py:124] [basehttp:log_message] [INFO]- "GET /static/images/favicon.ico HTTP/1.1" 200 4286
[2020-06-11 13:10:44,292] [basehttp.py:124] [basehttp:log_message] [INFO]- "GET /CMNETwinUpload/CMNETwin/ HTTP/1.1" 200 80471
[2020-06-11 13:10:45,549] [basehttp.py:124] [basehttp:log_message] [INFO]- "GET /CMNETwinUpload/show_progress1/ HTTP/1.1" 200 6612
[2020-06-11 13:10:45,558] [basehttp.py:124] [basehttp:log_message] [INFO]- "GET /static/js/jQuery/jquery.min.js?_=1591852235474 HTTP/1.1" 200 96383
[2020-06-11 13:10:45,559] [basehttp.py:124] [basehttp:log_message] [INFO]- "GET /static/js/bootstrap/bootstrap.min.js?_=1591852235475 HTTP/1.1" 200 28392
[2020-06-11 13:10:47,079] [basehttp.py:124] [basehttp:log_message] [INFO]- "GET /CMNETwinUpload/show_progress2/ HTTP/1.1" 200 5190
[2020-06-11 13:10:47,083] [basehttp.py:124] [basehttp:log_message] [INFO]- "GET /CMNETwinUpload/show_progress2/ HTTP/1.1" 200 5190
[2020-06-11 13:10:48,841] [basehttp.py:124] [basehttp:log_message] [INFO]- "GET /CMNETwinUpload/show_progress1/ HTTP/1.1" 200 6612
[2020-06-11 13:10:48,846] [basehttp.py:124] [basehttp:log_message] [INFO]- "GET /CMNETwinUpload/show_progress1/ HTTP/1.1" 200 6612
[2020-06-11 13:10:48,853] [basehttp.py:124] [basehttp:log_message] [INFO]- "GET /static/js/jQuery/jquery.min.js?_=1591852245584 HTTP/1.1" 200 96383
[2020-06-11 13:10:48,867] [basehttp.py:124] [basehttp:log_message] [INFO]- "GET /static/js/bootstrap/bootstrap.min.js?_=1591852245585 HTTP/1.1" 200 28392
[2020-06-11 13:10:48,877] [basehttp.py:124] [basehttp:log_message] [INFO]- "GET /static/js/jQuery/jquery.min.js?_=1591852245586 HTTP/1.1" 200 96383
[2020-06-11 13:10:48,885] [basehttp.py:124] [basehttp:log_message] [INFO]- "GET /static/js/bootstrap/bootstrap.min.js?_=1591852245587 HTTP/1.1" 200 28392
[2020-06-11 13:10:49,991] [basehttp.py:124] [basehttp:log_message] [INFO]- "GET /CMNETwinUpload/show_progress2/ HTTP/1.1" 200 5190
[2020-06-11 13:10:49,999] [basehttp.py:124] [basehttp:log_message] [INFO]- "GET /CMNETwinUpload/show_progress2/ HTTP/1.1" 200 5190
[2020-06-11 13:10:50,004] [basehttp.py:124] [basehttp:log_message] [INFO]- "GET /CMNETwinUpload/show_progress2/ HTTP/1.1" 200 5190
[2020-06-11 13:10:50,009] [basehttp.py:124] [basehttp:log_message] [INFO]- "GET /CMNETwinUpload/show_progress2/ HTTP/1.1" 200 5190
[2020-06-11 13:10:51,440] [basehttp.py:124] [basehttp:log_message] [INFO]- "GET /CMNETwinUpload/show_progress1/ HTTP/1.1" 200 6612
[2020-06-11 13:10:51,445] [basehttp.py:124] [basehttp:log_message] [INFO]- "GET /CMNETwinUpload/show_progress1/ HTTP/1.1" 200 6612
[2020-06-11 13:10:51,451] [basehttp.py:124] [basehttp:log_message] [INFO]- "GET /CMNETwinUpload/show_progress1/ HTTP/1.1" 200 6612
[2020-06-11 13:10:51,453] [basehttp.py:124] [basehttp:log_message] [INFO]- "GET /static/js/jQuery/jquery.min.js?_=1591852248880 HTTP/1.1" 200 96383
[2020-06-11 13:10:51,457] [basehttp.py:124] [basehttp:log_message] [INFO]- "GET /CMNETwinUpload/show_progress1/ HTTP/1.1" 200 6612
[2020-06-11 13:10:51,463] [basehttp.py:124] [basehttp:log_message] [INFO]- "GET /static/js/bootstrap/bootstrap.min.js?_=1591852248881 HTTP/1.1" 200 28392
[2020-06-11 13:10:51,473] [basehttp.py:124] [basehttp:log_message] [INFO]- "GET /static/js/jQuery/jquery.min.js?_=1591852248882 HTTP/1.1" 200 96383
[2020-06-11 13:10:51,481] [basehttp.py:124] [basehttp:log_message] [INFO]- "GET /static/js/bootstrap/bootstrap.min.js?_=1591852248883 HTTP/1.1" 200 28392
[2020-06-11 13:10:51,488] [basehttp.py:124] [basehttp:log_message] [INFO]- "GET /static/js/jQuery/jquery.min.js?_=1591852248884 HTTP/1.1" 200 96383
[2020-06-11 13:10:51,496] [basehttp.py:124] [basehttp:log_message] [INFO]- "GET /static/js/bootstrap/bootstrap.min.js?_=1591852248885 HTTP/1.1" 200 28392
[2020-06-11 13:10:51,511] [basehttp.py:124] [basehttp:log_message] [INFO]- "GET /static/js/jQuery/jquery.min.js?_=1591852248886 HTTP/1.1" 200 96383
[2020-06-11 13:10:51,519] [basehttp.py:124] [basehttp:log_message] [INFO]- "GET /static/js/bootstrap/bootstrap.min.js?_=1591852248887 HTTP/1.1" 200 28392
[2020-06-11 13:10:52,395] [basehttp.py:124] [basehttp:log_message] [INFO]- "GET /CMNETwinUpload/show_progress2/ HTTP/1.1" 200 5190
[2020-06-11 13:10:52,400] [basehttp.py:124] [basehttp:log_message] [INFO]- "GET /CMNETwinUpload/show_progress2/ HTTP/1.1" 200 5190
[2020-06-11 13:10:52,404] [basehttp.py:124] [basehttp:log_message] [INFO]- "GET /CMNETwinUpload/show_progress2/ HTTP/1.1" 200 5190
[2020-06-11 13:10:52,408] [basehttp.py:124] [basehttp:log_message] [INFO]- "GET /CMNETwinUpload/show_progress2/ HTTP/1.1" 200 5190
[2020-06-11 13:10:52,413] [basehttp.py:124] [basehttp:log_message] [INFO]- "GET /CMNETwinUpload/show_progress2/ HTTP/1.1" 200 5190
[2020-06-11 13:10:52,418] [basehttp.py:124] [basehttp:log_message] [INFO]- "GET /CMNETwinUpload/show_progress2/ HTTP/1.1" 200 5190
[2020-06-11 13:10:52,423] [basehttp.py:124] [basehttp:log_message] [INFO]- "GET /CMNETwinUpload/show_progress2/ HTTP/1.1" 200 5190
[2020-06-11 13:10:52,427] [basehttp.py:124] [basehttp:log_message] [INFO]- "GET /CMNETwinUpload/show_progress2/ HTTP/1.1" 200 5190
[2020-06-11 13:10:53,783] [basehttp.py:124] [basehttp:log_message] [INFO]- "GET /CMNETwinUpload/show_progress2/ HTTP/1.1" 200 5190
[2020-06-11 13:10:53,787] [basehttp.py:124] [basehttp:log_message] [INFO]- "GET /CMNETwinUpload/show_progress2/ HTTP/1.1" 200 5190
[2020-06-11 13:10:53,791] [basehttp.py:124] [basehttp:log_message] [INFO]- "GET /CMNETwinUpload/show_progress2/ HTTP/1.1" 200 5190
[2020-06-11 13:10:53,795] [basehttp.py:124] [basehttp:log_message] [INFO]- "GET /CMNETwinUpload/show_progress2/ HTTP/1.1" 200 5190
[2020-06-11 13:10:53,799] [basehttp.py:124] [basehttp:log_message] [INFO]- "GET /CMNETwinUpload/show_progress2/ HTTP/1.1" 200 5190
[2020-06-11 13:10:53,803] [basehttp.py:124] [basehttp:log_message] [INFO]- "GET /CMNETwinUpload/show_progress2/ HTTP/1.1" 200 5190
[2020-06-11 13:10:53,807] [basehttp.py:124] [basehttp:log_message] [INFO]- "GET /CMNETwinUpload/show_progress2/ HTTP/1.1" 200 5190
[2020-06-11 13:10:53,811] [basehttp.py:124] [basehttp:log_message] [INFO]- "GET /CMNETwinUpload/show_progress2/ HTTP/1.1" 200 5190
[2020-06-11 13:10:54,508] [basehttp.py:124] [basehttp:log_message] [INFO]- "GET /CMNETwinUpload/CMNETwin/ HTTP/1.1" 200 80471
[2020-06-11 13:10:54,518] [basehttp.py:124] [basehttp:log_message] [INFO]- "GET /CMNETwinUpload/CMNETwin/ HTTP/1.1" 200 80471
[2020-06-11 13:10:54,527] [basehttp.py:124] [basehttp:log_message] [INFO]- "GET /CMNETwinUpload/CMNETwin/ HTTP/1.1" 200 80471
[2020-06-11 13:10:54,534] [basehttp.py:124] [basehttp:log_message] [INFO]- "GET /CMNETwinUpload/CMNETwin/ HTTP/1.1" 200 80471
[2020-06-11 13:10:54,542] [basehttp.py:124] [basehttp:log_message] [INFO]- "GET /CMNETwinUpload/CMNETwin/ HTTP/1.1" 200 80471
[2020-06-11 13:10:54,551] [basehttp.py:124] [basehttp:log_message] [INFO]- "GET /CMNETwinUpload/CMNETwin/ HTTP/1.1" 200 80471
[2020-06-11 13:10:54,558] [basehttp.py:124] [basehttp:log_message] [INFO]- "GET /CMNETwinUpload/CMNETwin/ HTTP/1.1" 200 80471
[2020-06-11 13:10:54,564] [basehttp.py:124] [basehttp:log_message] [INFO]- "GET /CMNETwinUpload/CMNETwin/ HTTP/1.1" 200 80471
[2020-06-11 13:10:55,631] [basehttp.py:124] [basehttp:log_message] [INFO]- "GET /CMNETwinUpload/show_progress1/ HTTP/1.1" 200 6612
[2020-06-11 13:10:55,636] [basehttp.py:124] [basehttp:log_message] [INFO]- "GET /CMNETwinUpload/show_progress1/ HTTP/1.1" 200 6612
[2020-06-11 13:10:55,641] [basehttp.py:124] [basehttp:log_message] [INFO]- "GET /CMNETwinUpload/show_progress1/ HTTP/1.1" 200 6612
[2020-06-11 13:10:55,647] [basehttp.py:124] [basehttp:log_message] [INFO]- "GET /CMNETwinUpload/show_progress1/ HTTP/1.1" 200 6612
[2020-06-11 13:10:55,647] [basehttp.py:124] [basehttp:log_message] [INFO]- "GET /static/js/jQuery/jquery.min.js?_=1591852251514 HTTP/1.1" 200 96383
[2020-06-11 13:10:55,652] [basehttp.py:124] [basehttp:log_message] [INFO]- "GET /CMNETwinUpload/show_progress1/ HTTP/1.1" 200 6612
[2020-06-11 13:10:55,657] [basehttp.py:124] [basehttp:log_message] [INFO]- "GET /CMNETwinUpload/show_progress1/ HTTP/1.1" 200 6612
[2020-06-11 13:10:55,658] [basehttp.py:124] [basehttp:log_message] [INFO]- "GET /static/js/bootstrap/bootstrap.min.js?_=1591852251515 HTTP/1.1" 200 28392
[2020-06-11 13:10:55,662] [basehttp.py:124] [basehttp:log_message] [INFO]- "GET /CMNETwinUpload/show_progress1/ HTTP/1.1" 200 6612
[2020-06-11 13:10:55,666] [basehttp.py:124] [basehttp:log_message] [INFO]- "GET /CMNETwinUpload/show_progress1/ HTTP/1.1" 200 6612
[2020-06-11 13:10:55,668] [basehttp.py:124] [basehttp:log_message] [INFO]- "GET /static/js/jQuery/jquery.min.js?_=1591852251516 HTTP/1.1" 200 96383
[2020-06-11 13:10:55,676] [basehttp.py:124] [basehttp:log_message] [INFO]- "GET /static/js/bootstrap/bootstrap.min.js?_=1591852251517 HTTP/1.1" 200 28392
[2020-06-11 13:10:55,690] [basehttp.py:124] [basehttp:log_message] [INFO]- "GET /static/js/jQuery/jquery.min.js?_=1591852251518 HTTP/1.1" 200 96383
[2020-06-11 13:10:55,698] [basehttp.py:124] [basehttp:log_message] [INFO]- "GET /static/js/bootstrap/bootstrap.min.js?_=1591852251519 HTTP/1.1" 200 28392
[2020-06-11 13:10:55,706] [basehttp.py:124] [basehttp:log_message] [INFO]- "GET /static/js/jQuery/jquery.min.js?_=1591852251520 HTTP/1.1" 200 96383
[2020-06-11 13:10:55,714] [basehttp.py:124] [basehttp:log_message] [INFO]- "GET /static/js/bootstrap/bootstrap.min.js?_=1591852251521 HTTP/1.1" 200 28392
[2020-06-11 13:10:55,722] [basehttp.py:124] [basehttp:log_message] [INFO]- "GET /static/js/jQuery/jquery.min.js?_=1591852251522 HTTP/1.1" 200 96383
[2020-06-11 13:10:55,730] [basehttp.py:124] [basehttp:log_message] [INFO]- "GET /static/js/bootstrap/bootstrap.min.js?_=1591852251523 HTTP/1.1" 200 28392
[2020-06-11 13:10:55,738] [basehttp.py:124] [basehttp:log_message] [INFO]- "GET /static/js/jQuery/jquery.min.js?_=1591852251524 HTTP/1.1" 200 96383
[2020-06-11 13:10:55,746] [basehttp.py:124] [basehttp:log_message] [INFO]- "GET /static/js/bootstrap/bootstrap.min.js?_=1591852251525 HTTP/1.1" 200 28392
[2020-06-11 13:10:55,756] [basehttp.py:124] [basehttp:log_message] [INFO]- "GET /static/js/jQuery/jquery.min.js?_=1591852251526 HTTP/1.1" 200 96383
[2020-06-11 13:10:55,763] [basehttp.py:124] [basehttp:log_message] [INFO]- "GET /static/js/bootstrap/bootstrap.min.js?_=1591852251527 HTTP/1.1" 200 28392
[2020-06-11 13:10:55,771] [basehttp.py:124] [basehttp:log_message] [INFO]- "GET /static/js/jQuery/jquery.min.js?_=1591852251528 HTTP/1.1" 200 96383
[2020-06-11 13:10:55,778] [basehttp.py:124] [basehttp:log_message] [INFO]- "GET /static/js/bootstrap/bootstrap.min.js?_=1591852251529 HTTP/1.1" 200 28392
[2020-06-11 13:11:00,841] [basehttp.py:124] [basehttp:log_message] [INFO]- "GET /IPwinUpload/IPwin_2/ HTTP/1.1" 200 3719
[2020-06-11 13:11:00,849] [basehttp.py:124] [basehttp:log_message] [INFO]- "GET /IPwinUpload/IPwin_2/ HTTP/1.1" 200 3719
[2020-06-11 13:11:00,856] [basehttp.py:124] [basehttp:log_message] [INFO]- "GET /IPwinUpload/IPwin_2/ HTTP/1.1" 200 3719
[2020-06-11 13:11:00,862] [basehttp.py:124] [basehttp:log_message] [INFO]- "GET /IPwinUpload/IPwin_2/ HTTP/1.1" 200 3719
[2020-06-11 13:11:00,867] [basehttp.py:124] [basehttp:log_message] [INFO]- "GET /IPwinUpload/IPwin_2/ HTTP/1.1" 200 3719
[2020-06-11 13:11:00,872] [basehttp.py:124] [basehttp:log_message] [INFO]- "GET /IPwinUpload/IPwin_2/ HTTP/1.1" 200 3719
[2020-06-11 13:11:00,879] [basehttp.py:124] [basehttp:log_message] [INFO]- "GET /IPwinUpload/IPwin_2/ HTTP/1.1" 200 3719
[2020-06-11 13:11:00,886] [basehttp.py:124] [basehttp:log_message] [INFO]- "GET /IPwinUpload/IPwin_2/ HTTP/1.1" 200 3719
[2020-06-11 13:11:00,892] [basehttp.py:124] [basehttp:log_message] [INFO]- "GET /IPwinUpload/IPwin_2/ HTTP/1.1" 200 3719
[2020-06-11 13:11:00,896] [basehttp.py:124] [basehttp:log_message] [INFO]- "GET /IPwinUpload/IPwin_2/ HTTP/1.1" 200 3719
[2020-06-11 13:11:00,901] [basehttp.py:124] [basehttp:log_message] [INFO]- "GET /IPwinUpload/IPwin_2/ HTTP/1.1" 200 3719
[2020-06-11 13:11:00,908] [basehttp.py:124] [basehttp:log_message] [INFO]- "GET /IPwinUpload/IPwin_2/ HTTP/1.1" 200 3719
[2020-06-11 13:11:00,913] [basehttp.py:124] [basehttp:log_message] [INFO]- "GET /IPwinUpload/IPwin_2/ HTTP/1.1" 200 3719
[2020-06-11 13:11:00,918] [basehttp.py:124] [basehttp:log_message] [INFO]- "GET /IPwinUpload/IPwin_2/ HTTP/1.1" 200 3719
[2020-06-11 13:11:00,925] [basehttp.py:124] [basehttp:log_message] [INFO]- "GET /IPwinUpload/IPwin_2/ HTTP/1.1" 200 3719
[2020-06-11 13:11:00,929] [basehttp.py:124] [basehttp:log_message] [INFO]- "GET /IPwinUpload/IPwin_2/ HTTP/1.1" 200 3719
[2020-06-11 13:11:02,081] [basehttp.py:124] [basehttp:log_message] [INFO]- "GET /CMNETwinUpload/CMNETwin_2/ HTTP/1.1" 200 14524
[2020-06-11 13:11:02,086] [basehttp.py:124] [basehttp:log_message] [INFO]- "GET /CMNETwinUpload/CMNETwin_2/ HTTP/1.1" 200 14524
[2020-06-11 13:11:02,092] [basehttp.py:124] [basehttp:log_message] [INFO]- "GET /CMNETwinUpload/CMNETwin_2/ HTTP/1.1" 200 14524
[2020-06-11 13:11:02,097] [basehttp.py:124] [basehttp:log_message] [INFO]- "GET /CMNETwinUpload/CMNETwin_2/ HTTP/1.1" 200 14524
[2020-06-11 13:11:02,102] [basehttp.py:124] [basehttp:log_message] [INFO]- "GET /CMNETwinUpload/CMNETwin_2/ HTTP/1.1" 200 14524
[2020-06-11 13:11:02,109] [basehttp.py:124] [basehttp:log_message] [INFO]- "GET /CMNETwinUpload/CMNETwin_2/ HTTP/1.1" 200 14524
[2020-06-11 13:11:02,116] [basehttp.py:124] [basehttp:log_message] [INFO]- "GET /CMNETwinUpload/CMNETwin_2/ HTTP/1.1" 200 14524
[2020-06-11 13:11:02,120] [basehttp.py:124] [basehttp:log_message] [INFO]- "GET /CMNETwinUpload/CMNETwin_2/ HTTP/1.1" 200 14524
[2020-06-11 13:11:02,127] [basehttp.py:124] [basehttp:log_message] [INFO]- "GET /CMNETwinUpload/CMNETwin_2/ HTTP/1.1" 200 14524
[2020-06-11 13:11:02,133] [basehttp.py:124] [basehttp:log_message] [INFO]- "GET /CMNETwinUpload/CMNETwin_2/ HTTP/1.1" 200 14524
[2020-06-11 13:11:02,137] [basehttp.py:124] [basehttp:log_message] [INFO]- "GET /CMNETwinUpload/CMNETwin_2/ HTTP/1.1" 200 14524
[2020-06-11 13:11:02,143] [basehttp.py:124] [basehttp:log_message] [INFO]- "GET /CMNETwinUpload/CMNETwin_2/ HTTP/1.1" 200 14524
[2020-06-11 13:11:02,150] [basehttp.py:124] [basehttp:log_message] [INFO]- "GET /CMNETwinUpload/CMNETwin_2/ HTTP/1.1" 200 14524
[2020-06-11 13:11:02,156] [basehttp.py:124] [basehttp:log_message] [INFO]- "GET /CMNETwinUpload/CMNETwin_2/ HTTP/1.1" 200 14524
[2020-06-11 13:11:02,161] [basehttp.py:124] [basehttp:log_message] [INFO]- "GET /CMNETwinUpload/CMNETwin_2/ HTTP/1.1" 200 14524
[2020-06-11 13:11:02,167] [basehttp.py:124] [basehttp:log_message] [INFO]- "GET /CMNETwinUpload/CMNETwin_2/ HTTP/1.1" 200 14524
[2020-06-11 13:11:07,747] [basehttp.py:124] [basehttp:log_message] [INFO]- "GET /IPwinUpload/IPwin_2/ HTTP/1.1" 200 3719
[2020-06-11 13:11:07,755] [basehttp.py:124] [basehttp:log_message] [INFO]- "GET /IPwinUpload/IPwin_2/ HTTP/1.1" 200 3719
[2020-06-11 13:11:07,761] [basehttp.py:124] [basehttp:log_message] [INFO]- "GET /IPwinUpload/IPwin_2/ HTTP/1.1" 200 3719
[2020-06-11 13:11:07,767] [basehttp.py:124] [basehttp:log_message] [INFO]- "GET /IPwinUpload/IPwin_2/ HTTP/1.1" 200 3719
[2020-06-11 13:11:07,772] [basehttp.py:124] [basehttp:log_message] [INFO]- "GET /IPwinUpload/IPwin_2/ HTTP/1.1" 200 3719
[2020-06-11 13:11:07,778] [basehttp.py:124] [basehttp:log_message] [INFO]- "GET /IPwinUpload/IPwin_2/ HTTP/1.1" 200 3719
[2020-06-11 13:11:07,783] [basehttp.py:124] [basehttp:log_message] [INFO]- "GET /IPwinUpload/IPwin_2/ HTTP/1.1" 200 3719
[2020-06-11 13:11:07,788] [basehttp.py:124] [basehttp:log_message] [INFO]- "GET /IPwinUpload/IPwin_2/ HTTP/1.1" 200 3719
[2020-06-11 13:11:07,794] [basehttp.py:124] [basehttp:log_message] [INFO]- "GET /IPwinUpload/IPwin_2/ HTTP/1.1" 200 3719
[2020-06-11 13:11:07,799] [basehttp.py:124] [basehttp:log_message] [INFO]- "GET /IPwinUpload/IPwin_2/ HTTP/1.1" 200 3719
[2020-06-11 13:11:07,804] [basehttp.py:124] [basehttp:log_message] [INFO]- "GET /IPwinUpload/IPwin_2/ HTTP/1.1" 200 3719
[2020-06-11 13:11:07,809] [basehttp.py:124] [basehttp:log_message] [INFO]- "GET /IPwinUpload/IPwin_2/ HTTP/1.1" 200 3719
[2020-06-11 13:11:07,814] [basehttp.py:124] [basehttp:log_message] [INFO]- "GET /IPwinUpload/IPwin_2/ HTTP/1.1" 200 3719
[2020-06-11 13:11:07,819] [basehttp.py:124] [basehttp:log_message] [INFO]- "GET /IPwinUpload/IPwin_2/ HTTP/1.1" 200 3719
[2020-06-11 13:11:07,825] [basehttp.py:124] [basehttp:log_message] [INFO]- "GET /IPwinUpload/IPwin_2/ HTTP/1.1" 200 3719
[2020-06-11 13:11:07,831] [basehttp.py:124] [basehttp:log_message] [INFO]- "GET /IPwinUpload/IPwin_2/ HTTP/1.1" 200 3719
[2020-06-11 13:11:08,430] [basehttp.py:124] [basehttp:log_message] [INFO]- "GET /CMNETwinUpload/CMNETwin_2/ HTTP/1.1" 200 14524
[2020-06-11 13:11:08,435] [basehttp.py:124] [basehttp:log_message] [INFO]- "GET /CMNETwinUpload/CMNETwin_2/ HTTP/1.1" 200 14524
[2020-06-11 13:11:08,440] [basehttp.py:124] [basehttp:log_message] [INFO]- "GET /CMNETwinUpload/CMNETwin_2/ HTTP/1.1" 200 14524
[2020-06-11 13:11:08,446] [basehttp.py:124] [basehttp:log_message] [INFO]- "GET /CMNETwinUpload/CMNETwin_2/ HTTP/1.1" 200 14524
[2020-06-11 13:11:08,451] [basehttp.py:124] [basehttp:log_message] [INFO]- "GET /CMNETwinUpload/CMNETwin_2/ HTTP/1.1" 200 14524
[2020-06-11 13:11:08,456] [basehttp.py:124] [basehttp:log_message] [INFO]- "GET /CMNETwinUpload/CMNETwin_2/ HTTP/1.1" 200 14524
[2020-06-11 13:11:08,462] [basehttp.py:124] [basehttp:log_message] [INFO]- "GET /CMNETwinUpload/CMNETwin_2/ HTTP/1.1" 200 14524
[2020-06-11 13:11:08,467] [basehttp.py:124] [basehttp:log_message] [INFO]- "GET /CMNETwinUpload/CMNETwin_2/ HTTP/1.1" 200 14524
[2020-06-11 13:11:08,472] [basehttp.py:124] [basehttp:log_message] [INFO]- "GET /CMNETwinUpload/CMNETwin_2/ HTTP/1.1" 200 14524
[2020-06-11 13:11:08,478] [basehttp.py:124] [basehttp:log_message] [INFO]- "GET /CMNETwinUpload/CMNETwin_2/ HTTP/1.1" 200 14524
[2020-06-11 13:11:08,483] [basehttp.py:124] [basehttp:log_message] [INFO]- "GET /CMNETwinUpload/CMNETwin_2/ HTTP/1.1" 200 14524
[2020-06-11 13:11:08,489] [basehttp.py:124] [basehttp:log_message] [INFO]- "GET /CMNETwinUpload/CMNETwin_2/ HTTP/1.1" 200 14524
[2020-06-11 13:11:08,494] [basehttp.py:124] [basehttp:log_message] [INFO]- "GET /CMNETwinUpload/CMNETwin_2/ HTTP/1.1" 200 14524
[2020-06-11 13:11:08,500] [basehttp.py:124] [basehttp:log_message] [INFO]- "GET /CMNETwinUpload/CMNETwin_2/ HTTP/1.1" 200 14524
[2020-06-11 13:11:08,506] [basehttp.py:124] [basehttp:log_message] [INFO]- "GET /CMNETwinUpload/CMNETwin_2/ HTTP/1.1" 200 14524
[2020-06-11 13:11:08,511] [basehttp.py:124] [basehttp:log_message] [INFO]- "GET /CMNETwinUpload/CMNETwin_2/ HTTP/1.1" 200 14524
[2020-06-11 13:11:09,269] [basehttp.py:124] [basehttp:log_message] [INFO]- "GET /IPwinUpload/IPwin_2/ HTTP/1.1" 200 3719
[2020-06-11 13:11:09,275] [basehttp.py:124] [basehttp:log_message] [INFO]- "GET /IPwinUpload/IPwin_2/ HTTP/1.1" 200 3719
[2020-06-11 13:11:09,281] [basehttp.py:124] [basehttp:log_message] [INFO]- "GET /IPwinUpload/IPwin_2/ HTTP/1.1" 200 3719
[2020-06-11 13:11:09,286] [basehttp.py:124] [basehttp:log_message] [INFO]- "GET /IPwinUpload/IPwin_2/ HTTP/1.1" 200 3719
[2020-06-11 13:11:09,290] [basehttp.py:124] [basehttp:log_message] [INFO]- "GET /IPwinUpload/IPwin_2/ HTTP/1.1" 200 3719
[2020-06-11 13:11:09,297] [basehttp.py:124] [basehttp:log_message] [INFO]- "GET /IPwinUpload/IPwin_2/ HTTP/1.1" 200 3719
[2020-06-11 13:11:09,302] [basehttp.py:124] [basehttp:log_message] [INFO]- "GET /IPwinUpload/IPwin_2/ HTTP/1.1" 200 3719
[2020-06-11 13:11:09,306] [basehttp.py:124] [basehttp:log_message] [INFO]- "GET /IPwinUpload/IPwin_2/ HTTP/1.1" 200 3719
[2020-06-11 13:11:09,313] [basehttp.py:124] [basehttp:log_message] [INFO]- "GET /IPwinUpload/IPwin_2/ HTTP/1.1" 200 3719
[2020-06-11 13:11:09,318] [basehttp.py:124] [basehttp:log_message] [INFO]- "GET /IPwinUpload/IPwin_2/ HTTP/1.1" 200 3719
[2020-06-11 13:11:09,322] [basehttp.py:124] [basehttp:log_message] [INFO]- "GET /IPwinUpload/IPwin_2/ HTTP/1.1" 200 3719
[2020-06-11 13:11:09,329] [basehttp.py:124] [basehttp:log_message] [INFO]- "GET /IPwinUpload/IPwin_2/ HTTP/1.1" 200 3719
[2020-06-11 13:11:09,334] [basehttp.py:124] [basehttp:log_message] [INFO]- "GET /IPwinUpload/IPwin_2/ HTTP/1.1" 200 3719
[2020-06-11 13:11:09,339] [basehttp.py:124] [basehttp:log_message] [INFO]- "GET /IPwinUpload/IPwin_2/ HTTP/1.1" 200 3719
[2020-06-11 13:11:09,345] [basehttp.py:124] [basehttp:log_message] [INFO]- "GET /IPwinUpload/IPwin_2/ HTTP/1.1" 200 3719
[2020-06-11 13:11:09,351] [basehttp.py:124] [basehttp:log_message] [INFO]- "GET /IPwinUpload/IPwin_2/ HTTP/1.1" 200 3719
[2020-06-11 13:13:10,458] [basehttp.py:124] [basehttp:log_message] [INFO]- "GET /relay/ HTTP/1.1" 200 13974
[2020-06-11 13:13:10,577] [basehttp.py:124] [basehttp:log_message] [INFO]- "GET /static/images/favicon.ico HTTP/1.1" 200 4286
[2020-06-11 13:13:12,249] [basehttp.py:124] [basehttp:log_message] [INFO]- "GET /IPwinUpload/IPwin/ HTTP/1.1" 200 56345
[2020-06-11 13:13:12,274] [basehttp.py:124] [basehttp:log_message] [INFO]- "GET /static/js/bootstrap/bootstrap-table-fixed-columns.js?_=1591852390532 HTTP/1.1" 200 6049
[2020-06-11 13:13:12,274] [basehttp.py:124] [basehttp:log_message] [INFO]- "GET /static/js/bootstrap/bootstrap-table-zh-CN.min.js?_=1591852390531 HTTP/1.1" 200 9447
[2020-06-11 13:13:12,275] [basehttp.py:124] [basehttp:log_message] [INFO]- "GET /static/js/bootstrap/bootstrap.min.js?_=1591852390529 HTTP/1.1" 200 28392
[2020-06-11 13:13:12,276] [basehttp.py:124] [basehttp:log_message] [INFO]- "GET /static/js/jQuery/jquery.datatables.min.js?_=1591852390528 HTTP/1.1" 200 82068
[2020-06-11 13:13:12,276] [basehttp.py:124] [basehttp:log_message] [INFO]- "GET /static/js/bootstrap/bootstrap-table.min.js?_=1591852390530 HTTP/1.1" 200 114691
[2020-06-11 13:13:12,277] [basehttp.py:124] [basehttp:log_message] [INFO]- "GET /static/js/jQuery/jquery.min.js?_=1591852390527 HTTP/1.1" 200 96383
[2020-06-11 13:13:12,293] [basehttp.py:124] [basehttp:log_message] [INFO]- "GET /static/js/nav.js?_=1591852390536 HTTP/1.1" 200 1128
[2020-06-11 13:13:12,294] [basehttp.py:124] [basehttp:log_message] [INFO]- "GET /static/js/bootstrap/bootstrap-table-export.min.js?_=1591852390533 HTTP/1.1" 200 32704
[2020-06-11 13:13:12,295] [basehttp.py:124] [basehttp:log_message] [INFO]- "GET /static/js/jQuery/tableExport.min.js?_=1591852390534 HTTP/1.1" 200 37336
[2020-06-11 13:13:12,295] [basehttp.py:124] [basehttp:log_message] [INFO]- "GET /static/js/bootstrap/bootstrap-editable.min.js?_=1591852390535 HTTP/1.1" 200 74174
[2020-06-11 13:13:20,145] [basehttp.py:124] [basehttp:log_message] [INFO]- "GET /IPwinUpload/IPwin/ HTTP/1.1" 200 56345
[2020-06-11 13:13:20,163] [basehttp.py:124] [basehttp:log_message] [INFO]- "GET /static/js/jQuery/jquery.min.js?_=1591852392343 HTTP/1.1" 200 96383
[2020-06-11 13:13:20,174] [basehttp.py:124] [basehttp:log_message] [INFO]- "GET /static/js/jQuery/jquery.datatables.min.js?_=1591852392344 HTTP/1.1" 200 82068
[2020-06-11 13:13:20,185] [basehttp.py:124] [basehttp:log_message] [INFO]- "GET /static/js/bootstrap/bootstrap.min.js?_=1591852392345 HTTP/1.1" 200 28392
[2020-06-11 13:13:20,191] [basehttp.py:124] [basehttp:log_message] [INFO]- "GET /static/js/bootstrap/bootstrap-table.min.js?_=1591852392346 HTTP/1.1" 200 114691
[2020-06-11 13:13:20,203] [basehttp.py:124] [basehttp:log_message] [INFO]- "GET /static/js/bootstrap/bootstrap-table-zh-CN.min.js?_=1591852392347 HTTP/1.1" 200 9447
[2020-06-11 13:13:20,209] [basehttp.py:124] [basehttp:log_message] [INFO]- "GET /static/js/bootstrap/bootstrap-table-fixed-columns.js?_=1591852392348 HTTP/1.1" 200 6049
[2020-06-11 13:13:20,215] [basehttp.py:124] [basehttp:log_message] [INFO]- "GET /static/js/bootstrap/bootstrap-table-export.min.js?_=1591852392349 HTTP/1.1" 200 32704
[2020-06-11 13:13:20,224] [basehttp.py:124] [basehttp:log_message] [INFO]- "GET /static/js/jQuery/tableExport.min.js?_=1591852392350 HTTP/1.1" 200 37336
[2020-06-11 13:13:20,230] [basehttp.py:124] [basehttp:log_message] [INFO]- "GET /static/js/bootstrap/bootstrap-editable.min.js?_=1591852392351 HTTP/1.1" 200 74174
[2020-06-11 13:13:20,238] [basehttp.py:124] [basehttp:log_message] [INFO]- "GET /static/js/nav.js?_=1591852392352 HTTP/1.1" 200 1128
[2020-06-11 13:13:22,297] [basehttp.py:124] [basehttp:log_message] [INFO]- "GET /CMNETwinUpload/CMNETwin/ HTTP/1.1" 200 90485
[2020-06-11 13:13:22,323] [basehttp.py:124] [basehttp:log_message] [INFO]- "GET /static/js/jQuery/jquery.min.js?_=1591852400170 HTTP/1.1" 200 96383
[2020-06-11 13:13:22,331] [basehttp.py:124] [basehttp:log_message] [INFO]- "GET /static/js/bootstrap/bootstrap-table-fixed-columns.js?_=1591852400175 HTTP/1.1" 200 6049
[2020-06-11 13:13:22,332] [basehttp.py:124] [basehttp:log_message] [INFO]- "GET /static/js/bootstrap/bootstrap-table-zh-CN.min.js?_=1591852400174 HTTP/1.1" 200 9447
[2020-06-11 13:13:22,333] [basehttp.py:124] [basehttp:log_message] [INFO]- "GET /static/js/bootstrap/bootstrap.min.js?_=1591852400172 HTTP/1.1" 200 28392
[2020-06-11 13:13:22,333] [basehttp.py:124] [basehttp:log_message] [INFO]- "GET /static/js/jQuery/jquery.datatables.min.js?_=1591852400171 HTTP/1.1" 200 82068
[2020-06-11 13:13:22,334] [basehttp.py:124] [basehttp:log_message] [INFO]- "GET /static/js/bootstrap/bootstrap-table-export.min.js?_=1591852400176 HTTP/1.1" 200 32704
[2020-06-11 13:13:22,334] [basehttp.py:124] [basehttp:log_message] [INFO]- "GET /static/js/bootstrap/bootstrap-table.min.js?_=1591852400173 HTTP/1.1" 200 114691
[2020-06-11 13:13:22,342] [basehttp.py:124] [basehttp:log_message] [INFO]- "GET /static/js/nav.js?_=1591852400179 HTTP/1.1" 200 1128
[2020-06-11 13:13:22,343] [basehttp.py:124] [basehttp:log_message] [INFO]- "GET /static/js/jQuery/tableExport.min.js?_=1591852400177 HTTP/1.1" 200 37336
[2020-06-11 13:13:22,344] [basehttp.py:124] [basehttp:log_message] [INFO]- "GET /static/js/bootstrap/bootstrap-editable.min.js?_=1591852400178 HTTP/1.1" 200 74174
[2020-06-11 13:13:24,893] [basehttp.py:124] [basehttp:log_message] [INFO]- "GET /IPwinUpload/IPwin/ HTTP/1.1" 200 56345
[2020-06-11 13:13:24,911] [basehttp.py:124] [basehttp:log_message] [INFO]- "GET /static/js/jQuery/jquery.min.js?_=1591852402352 HTTP/1.1" 200 96383
[2020-06-11 13:13:24,924] [basehttp.py:124] [basehttp:log_message] [INFO]- "GET /static/js/jQuery/jquery.datatables.min.js?_=1591852402353 HTTP/1.1" 200 82068
[2020-06-11 13:13:24,931] [basehttp.py:124] [basehttp:log_message] [INFO]- "GET /static/js/bootstrap/bootstrap.min.js?_=1591852402354 HTTP/1.1" 200 28392
[2020-06-11 13:13:24,937] [basehttp.py:124] [basehttp:log_message] [INFO]- "GET /static/js/bootstrap/bootstrap-table.min.js?_=1591852402355 HTTP/1.1" 200 114691
[2020-06-11 13:13:24,944] [basehttp.py:124] [basehttp:log_message] [INFO]- "GET /static/js/bootstrap/bootstrap-table-zh-CN.min.js?_=1591852402356 HTTP/1.1" 200 9447
[2020-06-11 13:13:24,950] [basehttp.py:124] [basehttp:log_message] [INFO]- "GET /static/js/bootstrap/bootstrap-table-fixed-columns.js?_=1591852402357 HTTP/1.1" 200 6049
[2020-06-11 13:13:24,955] [basehttp.py:124] [basehttp:log_message] [INFO]- "GET /static/js/bootstrap/bootstrap-table-export.min.js?_=1591852402358 HTTP/1.1" 200 32704
[2020-06-11 13:13:24,961] [basehttp.py:124] [basehttp:log_message] [INFO]- "GET /static/js/jQuery/tableExport.min.js?_=1591852402359 HTTP/1.1" 200 37336
[2020-06-11 13:13:24,967] [basehttp.py:124] [basehttp:log_message] [INFO]- "GET /static/js/bootstrap/bootstrap-editable.min.js?_=1591852402360 HTTP/1.1" 200 74174
[2020-06-11 13:13:24,973] [basehttp.py:124] [basehttp:log_message] [INFO]- "GET /static/js/nav.js?_=1591852402361 HTTP/1.1" 200 1128
[2020-06-11 13:15:16,566] [basehttp.py:124] [basehttp:log_message] [INFO]- "GET /relay/ HTTP/1.1" 200 14205
[2020-06-11 13:15:16,671] [basehttp.py:124] [basehttp:log_message] [INFO]- "GET /static/images/favicon.ico HTTP/1.1" 200 4286
[2020-06-11 13:15:20,038] [basehttp.py:124] [basehttp:log_message] [INFO]- "GET /IPwinUpload/IPwin/ HTTP/1.1" 200 56576
[2020-06-11 13:15:20,054] [basehttp.py:124] [basehttp:log_message] [INFO]- "GET /static/js/jQuery/jquery.min.js?_=1591852516628 HTTP/1.1" 200 96383
[2020-06-11 13:15:20,060] [basehttp.py:124] [basehttp:log_message] [INFO]- "GET /static/js/jQuery/jquery.datatables.min.js?_=1591852516629 HTTP/1.1" 200 82068
[2020-06-11 13:15:20,062] [basehttp.py:124] [basehttp:log_message] [INFO]- "GET /static/js/bootstrap/bootstrap-table-zh-CN.min.js?_=1591852516632 HTTP/1.1" 200 9447
[2020-06-11 13:15:20,062] [basehttp.py:124] [basehttp:log_message] [INFO]- "GET /static/js/bootstrap/bootstrap-table-fixed-columns.js?_=1591852516633 HTTP/1.1" 200 6049
[2020-06-11 13:15:20,063] [basehttp.py:124] [basehttp:log_message] [INFO]- "GET /static/js/bootstrap/bootstrap.min.js?_=1591852516630 HTTP/1.1" 200 28392
[2020-06-11 13:15:20,063] [basehttp.py:124] [basehttp:log_message] [INFO]- "GET /static/js/bootstrap/bootstrap-table.min.js?_=1591852516631 HTTP/1.1" 200 114691
[2020-06-11 13:15:20,076] [basehttp.py:124] [basehttp:log_message] [INFO]- "GET /static/js/nav.js?_=1591852516637 HTTP/1.1" 200 1128
[2020-06-11 13:15:20,077] [basehttp.py:124] [basehttp:log_message] [INFO]- "GET /static/js/bootstrap/bootstrap-table-export.min.js?_=1591852516634 HTTP/1.1" 200 32704
[2020-06-11 13:15:20,078] [basehttp.py:124] [basehttp:log_message] [INFO]- "GET /static/js/jQuery/tableExport.min.js?_=1591852516635 HTTP/1.1" 200 37336
[2020-06-11 13:15:20,079] [basehttp.py:124] [basehttp:log_message] [INFO]- "GET /static/js/bootstrap/bootstrap-editable.min.js?_=1591852516636 HTTP/1.1" 200 74174
[2020-06-11 13:15:28,183] [basehttp.py:124] [basehttp:log_message] [INFO]- "GET /CMNETwinUpload/CMNETwin/ HTTP/1.1" 200 87758
[2020-06-11 13:15:28,202] [basehttp.py:124] [basehttp:log_message] [INFO]- "GET /static/js/jQuery/jquery.min.js?_=1591852520085 HTTP/1.1" 200 96383
[2020-06-11 13:15:28,217] [basehttp.py:124] [basehttp:log_message] [INFO]- "GET /static/js/jQuery/jquery.datatables.min.js?_=1591852520086 HTTP/1.1" 200 82068
[2020-06-11 13:15:28,224] [basehttp.py:124] [basehttp:log_message] [INFO]- "GET /static/js/bootstrap/bootstrap.min.js?_=1591852520087 HTTP/1.1" 200 28392
[2020-06-11 13:15:28,231] [basehttp.py:124] [basehttp:log_message] [INFO]- "GET /static/js/bootstrap/bootstrap-table.min.js?_=1591852520088 HTTP/1.1" 200 114691
[2020-06-11 13:15:28,238] [basehttp.py:124] [basehttp:log_message] [INFO]- "GET /static/js/bootstrap/bootstrap-table-zh-CN.min.js?_=1591852520089 HTTP/1.1" 200 9447
[2020-06-11 13:15:28,243] [basehttp.py:124] [basehttp:log_message] [INFO]- "GET /static/js/bootstrap/bootstrap-table-fixed-columns.js?_=1591852520090 HTTP/1.1" 200 6049
[2020-06-11 13:15:28,248] [basehttp.py:124] [basehttp:log_message] [INFO]- "GET /static/js/bootstrap/bootstrap-table-export.min.js?_=1591852520091 HTTP/1.1" 200 32704
[2020-06-11 13:15:28,254] [basehttp.py:124] [basehttp:log_message] [INFO]- "GET /static/js/jQuery/tableExport.min.js?_=1591852520092 HTTP/1.1" 200 37336
[2020-06-11 13:15:28,259] [basehttp.py:124] [basehttp:log_message] [INFO]- "GET /static/js/bootstrap/bootstrap-editable.min.js?_=1591852520093 HTTP/1.1" 200 74174
[2020-06-11 13:15:28,265] [basehttp.py:124] [basehttp:log_message] [INFO]- "GET /static/js/nav.js?_=1591852520094 HTTP/1.1" 200 1128
[2020-06-11 13:15:58,290] [basehttp.py:124] [basehttp:log_message] [INFO]- "GET /relay/ HTTP/1.1" 200 14205
[2020-06-11 13:15:58,416] [basehttp.py:124] [basehttp:log_message] [INFO]- "GET /static/images/favicon.ico HTTP/1.1" 200 4286
[2020-06-11 13:15:59,788] [basehttp.py:124] [basehttp:log_message] [INFO]- "GET /IPwinUpload/IPwin/ HTTP/1.1" 200 56576
[2020-06-11 13:15:59,805] [basehttp.py:124] [basehttp:log_message] [INFO]- "GET /static/js/jQuery/jquery.min.js?_=1591852558366 HTTP/1.1" 200 96383
[2020-06-11 13:15:59,805] [basehttp.py:124] [basehttp:log_message] [INFO]- "GET /static/js/jQuery/jquery.datatables.min.js?_=1591852558367 HTTP/1.1" 200 82068
[2020-06-11 13:15:59,812] [basehttp.py:124] [basehttp:log_message] [INFO]- "GET /static/js/bootstrap/bootstrap-table-fixed-columns.js?_=1591852558371 HTTP/1.1" 200 6049
[2020-06-11 13:15:59,812] [basehttp.py:124] [basehttp:log_message] [INFO]- "GET /static/js/bootstrap/bootstrap-table-zh-CN.min.js?_=1591852558370 HTTP/1.1" 200 9447
[2020-06-11 13:15:59,814] [basehttp.py:124] [basehttp:log_message] [INFO]- "GET /static/js/bootstrap/bootstrap.min.js?_=1591852558368 HTTP/1.1" 200 28392
[2020-06-11 13:15:59,816] [basehttp.py:124] [basehttp:log_message] [INFO]- "GET /static/js/jQuery/tableExport.min.js?_=1591852558373 HTTP/1.1" 200 37336
[2020-06-11 13:15:59,816] [basehttp.py:124] [basehttp:log_message] [INFO]- "GET /static/js/bootstrap/bootstrap-table.min.js?_=1591852558369 HTTP/1.1" 200 114691
[2020-06-11 13:15:59,817] [basehttp.py:124] [basehttp:log_message] [INFO]- "GET /static/js/bootstrap/bootstrap-table-export.min.js?_=1591852558372 HTTP/1.1" 200 32704
[2020-06-11 13:15:59,822] [basehttp.py:124] [basehttp:log_message] [INFO]- "GET /static/js/nav.js?_=1591852558375 HTTP/1.1" 200 1128
[2020-06-11 13:15:59,822] [basehttp.py:124] [basehttp:log_message] [INFO]- "GET /static/js/bootstrap/bootstrap-editable.min.js?_=1591852558374 HTTP/1.1" 200 74174
[2020-06-11 13:20:51,272] [basehttp.py:124] [basehttp:log_message] [INFO]- "GET /relay/ HTTP/1.1" 200 13975
[2020-06-11 13:20:51,325] [basehttp.py:124] [basehttp:log_message] [INFO]- "GET /static/js/nav.js HTTP/1.1" 304 0
[2020-06-11 13:20:51,393] [basehttp.py:124] [basehttp:log_message] [INFO]- "GET /static/images/favicon.ico HTTP/1.1" 200 4286
[2020-06-11 13:20:53,093] [basehttp.py:124] [basehttp:log_message] [INFO]- "GET /IPwinUpload/IPwin/ HTTP/1.1" 200 56346
[2020-06-11 13:20:53,109] [basehttp.py:124] [basehttp:log_message] [INFO]- "GET /static/js/jQuery/jquery.min.js?_=1591852851340 HTTP/1.1" 200 96383
[2020-06-11 13:20:53,114] [basehttp.py:124] [basehttp:log_message] [INFO]- "GET /static/js/jQuery/jquery.datatables.min.js?_=1591852851341 HTTP/1.1" 200 82068
[2020-06-11 13:20:53,122] [basehttp.py:124] [basehttp:log_message] [INFO]- "GET /static/js/bootstrap/bootstrap-table-zh-CN.min.js?_=1591852851344 HTTP/1.1" 200 9447
[2020-06-11 13:20:53,122] [basehttp.py:124] [basehttp:log_message] [INFO]- "GET /static/js/bootstrap/bootstrap-table-fixed-columns.js?_=1591852851345 HTTP/1.1" 200 6049
[2020-06-11 13:20:53,124] [basehttp.py:124] [basehttp:log_message] [INFO]- "GET /static/js/bootstrap/bootstrap.min.js?_=1591852851342 HTTP/1.1" 200 28392
[2020-06-11 13:20:53,124] [basehttp.py:124] [basehttp:log_message] [INFO]- "GET /static/js/bootstrap/bootstrap-table-export.min.js?_=1591852851346 HTTP/1.1" 200 32704
[2020-06-11 13:20:53,126] [basehttp.py:124] [basehttp:log_message] [INFO]- "GET /static/js/jQuery/tableExport.min.js?_=1591852851347 HTTP/1.1" 200 37336
[2020-06-11 13:20:53,126] [basehttp.py:124] [basehttp:log_message] [INFO]- "GET /static/js/bootstrap/bootstrap-table.min.js?_=1591852851343 HTTP/1.1" 200 114691
[2020-06-11 13:20:53,130] [basehttp.py:124] [basehttp:log_message] [INFO]- "GET /static/js/nav.js?_=1591852851349 HTTP/1.1" 200 1128
[2020-06-11 13:20:53,131] [basehttp.py:124] [basehttp:log_message] [INFO]- "GET /static/js/bootstrap/bootstrap-editable.min.js?_=1591852851348 HTTP/1.1" 200 74174
[2020-06-11 13:20:54,997] [basehttp.py:124] [basehttp:log_message] [INFO]- "GET /IPwinUpload/IPwin/ HTTP/1.1" 200 56346
[2020-06-11 13:20:55,015] [basehttp.py:124] [basehttp:log_message] [INFO]- "GET /static/js/jQuery/jquery.min.js?_=1591852853155 HTTP/1.1" 200 96383
[2020-06-11 13:20:55,036] [basehttp.py:124] [basehttp:log_message] [INFO]- "GET /static/js/jQuery/jquery.datatables.min.js?_=1591852853156 HTTP/1.1" 200 82068
[2020-06-11 13:20:55,045] [basehttp.py:124] [basehttp:log_message] [INFO]- "GET /static/js/bootstrap/bootstrap.min.js?_=1591852853157 HTTP/1.1" 200 28392
[2020-06-11 13:20:55,053] [basehttp.py:124] [basehttp:log_message] [INFO]- "GET /static/js/bootstrap/bootstrap-table.min.js?_=1591852853158 HTTP/1.1" 200 114691
[2020-06-11 13:20:55,065] [basehttp.py:124] [basehttp:log_message] [INFO]- "GET /static/js/bootstrap/bootstrap-table-zh-CN.min.js?_=1591852853159 HTTP/1.1" 200 9447
[2020-06-11 13:20:55,071] [basehttp.py:124] [basehttp:log_message] [INFO]- "GET /static/js/bootstrap/bootstrap-table-fixed-columns.js?_=1591852853160 HTTP/1.1" 200 6049
[2020-06-11 13:20:55,086] [basehttp.py:124] [basehttp:log_message] [INFO]- "GET /static/js/bootstrap/bootstrap-table-export.min.js?_=1591852853161 HTTP/1.1" 200 32704
[2020-06-11 13:20:55,096] [basehttp.py:124] [basehttp:log_message] [INFO]- "GET /static/js/jQuery/tableExport.min.js?_=1591852853162 HTTP/1.1" 200 37336
[2020-06-11 13:20:55,103] [basehttp.py:124] [basehttp:log_message] [INFO]- "GET /static/js/bootstrap/bootstrap-editable.min.js?_=1591852853163 HTTP/1.1" 200 74174
[2020-06-11 13:20:55,110] [basehttp.py:124] [basehttp:log_message] [INFO]- "GET /static/js/nav.js?_=1591852853164 HTTP/1.1" 200 1128
[2020-06-11 13:20:56,657] [basehttp.py:124] [basehttp:log_message] [INFO]- "GET /CMNETwinUpload/CMNETwin/ HTTP/1.1" 200 80471
[2020-06-11 13:22:24,679] [basehttp.py:124] [basehttp:log_message] [INFO]- "GET /relay/ HTTP/1.1" 200 13968
[2020-06-11 13:22:24,819] [basehttp.py:124] [basehttp:log_message] [INFO]- "GET /static/images/favicon.ico HTTP/1.1" 200 4286
[2020-06-11 13:22:28,067] [basehttp.py:124] [basehttp:log_message] [INFO]- "GET /IPwinUpload/IPwin/ HTTP/1.1" 200 46303
[2020-06-11 13:22:32,012] [basehttp.py:124] [basehttp:log_message] [INFO]- "GET /IPwinUpload/IPwin_2/ HTTP/1.1" 200 3680
[2020-06-11 13:22:33,178] [basehttp.py:124] [basehttp:log_message] [INFO]- "GET /CMNETwinUpload/CMNETwin_2/ HTTP/1.1" 200 14448
[2020-06-11 13:22:33,579] [basehttp.py:124] [basehttp:log_message] [INFO]- "GET /CMNETwinUpload/show_trunkcircuit/ HTTP/1.1" 200 217541
[2020-06-11 13:22:37,407] [basehttp.py:124] [basehttp:log_message] [INFO]- "GET /IPwinUpload/IPwin/ HTTP/1.1" 200 46303
[2020-06-11 13:22:38,286] [basehttp.py:124] [basehttp:log_message] [INFO]- "GET /CMNETwinUpload/CMNETwin/ HTTP/1.1" 200 80453
[2020-06-11 13:22:39,224] [basehttp.py:124] [basehttp:log_message] [INFO]- "GET /CMNETwinUpload/show_progress1/ HTTP/1.1" 200 6612
[2020-06-11 13:22:39,237] [basehttp.py:124] [basehttp:log_message] [INFO]- "GET /static/js/bootstrap/bootstrap.min.js?_=1591852944756 HTTP/1.1" 200 28392
[2020-06-11 13:22:39,237] [basehttp.py:124] [basehttp:log_message] [INFO]- "GET /static/js/jQuery/jquery.min.js?_=1591852944755 HTTP/1.1" 200 96383
[2020-06-11 13:22:40,009] [basehttp.py:124] [basehttp:log_message] [INFO]- "GET /CMNETwinUpload/show_progress2/ HTTP/1.1" 200 5190
[2020-06-11 13:22:40,011] [basehttp.py:124] [basehttp:log_message] [INFO]- "GET /CMNETwinUpload/show_progress2/ HTTP/1.1" 200 5190
[2020-06-11 13:22:44,980] [basehttp.py:124] [basehttp:log_message] [INFO]- "GET /user/user_logout/ HTTP/1.1" 302 0
[2020-06-11 13:22:44,988] [basehttp.py:124] [basehttp:log_message] [INFO]- "GET /user/user_login/ HTTP/1.1" 200 3343
[2020-06-11 13:22:45,090] [basehttp.py:124] [basehttp:log_message] [INFO]- "GET /static/images/loginbg1.png HTTP/1.1" 200 2834
[2020-06-11 13:22:45,091] [basehttp.py:124] [basehttp:log_message] [INFO]- "GET /static/images/loginsj.png HTTP/1.1" 200 3018
[2020-06-11 13:22:45,091] [basehttp.py:124] [basehttp:log_message] [INFO]- "GET /static/images/light.png HTTP/1.1" 200 132156
[2020-06-11 13:22:46,654] [basehttp.py:124] [basehttp:log_message] [INFO]- "POST /user/user_login/ HTTP/1.1" 302 0
[2020-06-11 13:22:46,687] [basehttp.py:124] [basehttp:log_message] [INFO]- "GET / HTTP/1.1" 200 3216
[2020-06-11 13:22:47,915] [basehttp.py:124] [basehttp:log_message] [INFO]- "GET /relay/ HTTP/1.1" 200 13968
[2020-06-11 13:24:54,293] [basehttp.py:124] [basehttp:log_message] [INFO]- "GET /relay/ HTTP/1.1" 200 13968
[2020-06-11 13:24:54,464] [basehttp.py:124] [basehttp:log_message] [INFO]- "GET /static/images/favicon.ico HTTP/1.1" 200 4286
[2020-06-11 13:24:56,274] [basehttp.py:124] [basehttp:log_message] [INFO]- "GET /CMNETwinUpload/show_progress1/ HTTP/1.1" 200 6612
[2020-06-11 13:24:56,291] [basehttp.py:124] [basehttp:log_message] [INFO]- "GET /static/js/bootstrap/bootstrap.min.js?_=1591853094381 HTTP/1.1" 200 28392
[2020-06-11 13:24:56,292] [basehttp.py:124] [basehttp:log_message] [INFO]- "GET /static/js/jQuery/jquery.min.js?_=1591853094380 HTTP/1.1" 200 96383
[2020-06-11 13:24:57,514] [basehttp.py:124] [basehttp:log_message] [INFO]- "GET /CMNETwinUpload/show_progress2/ HTTP/1.1" 200 17315
[2020-06-11 13:24:57,518] [basehttp.py:124] [basehttp:log_message] [INFO]- "GET /CMNETwinUpload/show_progress2/ HTTP/1.1" 200 17315
[2020-06-11 13:27:06,143] [basehttp.py:124] [basehttp:log_message] [INFO]- "GET /relay/ HTTP/1.1" 200 13968
[2020-06-11 13:27:06,287] [basehttp.py:124] [basehttp:log_message] [INFO]- "GET /static/images/favicon.ico HTTP/1.1" 200 4286
[2020-06-11 13:27:09,837] [basehttp.py:124] [basehttp:log_message] [INFO]- "GET /CMNETwinUpload/CMNETwin_2/ HTTP/1.1" 200 14541
[2020-06-11 13:27:10,228] [basehttp.py:124] [basehttp:log_message] [INFO]- "GET /CMNETwinUpload/show_trunkcircuit/ HTTP/1.1" 200 217541
[2020-06-11 15:03:59,596] [basehttp.py:124] [basehttp:log_message] [INFO]- "GET /relay/ HTTP/1.1" 200 13968
[2020-06-11 15:03:59,690] [basehttp.py:124] [basehttp:log_message] [INFO]- "GET /static/js/nav.js HTTP/1.1" 304 0
[2020-06-11 15:03:59,694] [basehttp.py:124] [basehttp:log_message] [INFO]- "GET /static/css/bootstrap/bootstrap.min.css HTTP/1.1" 304 0
[2020-06-11 15:03:59,786] [basehttp.py:124] [basehttp:log_message] [INFO]- "GET /static/images/favicon.ico HTTP/1.1" 200 4286
[2020-06-11 15:04:01,749] [basehttp.py:124] [basehttp:log_message] [INFO]- "GET /CMNETwinUpload/CMNETwin_2/ HTTP/1.1" 200 14541
[2020-06-11 15:04:02,146] [basehttp.py:124] [basehttp:log_message] [INFO]- "GET /CMNETwinUpload/show_trunkcircuit/ HTTP/1.1" 200 217541
[2020-06-11 15:07:17,586] [basehttp.py:124] [basehttp:log_message] [INFO]- "GET /IPwinUpload/IPwin/ HTTP/1.1" 200 46303
[2020-06-11 15:07:19,088] [basehttp.py:124] [basehttp:log_message] [INFO]- "GET /relay/ HTTP/1.1" 200 13968
[2020-06-11 15:07:19,236] [basehttp.py:124] [basehttp:log_message] [INFO]- "GET /static/images/favicon.ico HTTP/1.1" 200 4286
[2020-06-11 15:08:15,798] [basehttp.py:124] [basehttp:log_message] [INFO]- "GET /IPwinUpload/IPwin/ HTTP/1.1" 200 46303
[2020-06-11 15:09:23,059] [basehttp.py:124] [basehttp:log_message] [INFO]- "GET /CMNETwinUpload/CMNETwin/ HTTP/1.1" 200 80453
[2020-06-11 15:09:41,966] [basehttp.py:124] [basehttp:log_message] [INFO]- "GET /IPwinUpload/IPwin/ HTTP/1.1" 200 46303
[2020-06-11 15:09:49,674] [basehttp.py:124] [basehttp:log_message] [INFO]- "GET /CMNETwinUpload/CMNETwin/ HTTP/1.1" 200 80453
[2020-06-11 16:03:00,491] [basehttp.py:124] [basehttp:log_message] [INFO]- "POST /CMNETwinUpload/search_routefile/ HTTP/1.1" 200 101
[2020-06-11 16:03:22,197] [basehttp.py:124] [basehttp:log_message] [INFO]- "GET /IPwinUpload/IPwin_2/ HTTP/1.1" 200 3680
[2020-06-11 16:03:22,907] [basehttp.py:124] [basehttp:log_message] [INFO]- "GET /CMNETwinUpload/CMNETwin_2/ HTTP/1.1" 200 14541
[2020-06-11 16:03:23,322] [basehttp.py:124] [basehttp:log_message] [INFO]- "GET /CMNETwinUpload/show_trunkcircuit/ HTTP/1.1" 200 217541
